<?xml version="1.0" encoding="UTF-8"?>
<coverage generated="1671817570290" clover="3.2.0">
  <project timestamp="1671817570290" name="All files">
    <metrics statements="15" coveredstatements="15" conditionals="4" coveredconditionals="4" methods="2" coveredmethods="2" elements="21" coveredelements="21" complexity="0" loc="15" ncloc="15" packages="1" files="1" classes="1"/>
    <file name="token-palette-mapper.ts" path="C:\MyProjects\ui-kit-2022-Honglin\packages\ui-kit-theme\src\utils\token-palette-mapper\token-palette-mapper.ts">
      <metrics statements="15" coveredstatements="15" conditionals="4" coveredconditionals="4" methods="2" coveredmethods="2"/>
      <line num="34" count="1" type="stmt"/>
      <line num="35" count="3" type="stmt"/>
      <line num="36" count="3" type="stmt"/>
      <line num="37" count="13" type="stmt"/>
      <line num="40" count="3" type="stmt"/>
      <line num="43" count="1" type="stmt"/>
      <line num="44" count="15" type="stmt"/>
      <line num="45" count="15" type="stmt"/>
      <line num="46" count="15" type="stmt"/>
      <line num="47" count="50" type="cond" truecount="2" falsecount="0"/>
      <line num="48" count="2" type="stmt"/>
      <line num="53" count="48" type="cond" truecount="2" falsecount="0"/>
      <line num="54" count="48" type="stmt"/>
      <line num="58" count="15" type="stmt"/>
      <line num="61" count="1" type="stmt"/>
    </file>
  </project>
</coverage>
