{
  "C:\\MyProjects\\ui-kit-2022-Honglin\\packages\\ui-kit-theme\\src\\utils\\token-palette-mapper\\token-palette-mapper.ts": {
    "path": "C:\\MyProjects\\ui-kit-2022-Honglin\\packages\\ui-kit-theme\\src\\utils\\token-palette-mapper\\token-palette-mapper.ts",
    "statementMap": {
      "0": { "start": { "line": 34, "column": 27 }, "end": { "line": 41, "column": 1 } },
      "1": { "start": { "line": 35, "column": 57 }, "end": { "line": 35, "column": 59 } },
      "2": {
        "start": { "line": 36, "column": 2 },
        "end": { "line": 38, "column": null }
      },
      "3": { "start": { "line": 37, "column": 4 }, "end": { "line": 37, "column": 76 } },
      "4": { "start": { "line": 40, "column": 2 }, "end": { "line": 40, "column": 32 } },
      "5": { "start": { "line": 43, "column": 31 }, "end": { "line": 59, "column": 1 } },
      "6": { "start": { "line": 44, "column": 16 }, "end": { "line": 44, "column": 27 } },
      "7": { "start": { "line": 45, "column": 36 }, "end": { "line": 45, "column": 38 } },
      "8": {
        "start": { "line": 46, "column": 2 },
        "end": { "line": 56, "column": null }
      },
      "9": {
        "start": { "line": 47, "column": 4 },
        "end": { "line": 55, "column": null }
      },
      "10": { "start": { "line": 48, "column": 6 }, "end": { "line": 51, "column": 8 } },
      "11": {
        "start": { "line": 53, "column": 18 },
        "end": { "line": 53, "column": 64 }
      },
      "12": { "start": { "line": 54, "column": 6 }, "end": { "line": 54, "column": 86 } },
      "13": { "start": { "line": 58, "column": 2 }, "end": { "line": 58, "column": 39 } },
      "14": { "start": { "line": 61, "column": 0 }, "end": { "line": 61, "column": 34 } }
    },
    "fnMap": {
      "0": {
        "name": "(anonymous_0)",
        "decl": {
          "start": { "line": 34, "column": 27 },
          "end": { "line": 34, "column": 28 }
        },
        "loc": {
          "start": { "line": 34, "column": 50 },
          "end": { "line": 41, "column": 1 }
        }
      },
      "1": {
        "name": "(anonymous_1)",
        "decl": {
          "start": { "line": 43, "column": 31 },
          "end": { "line": 43, "column": 32 }
        },
        "loc": {
          "start": { "line": 43, "column": 86 },
          "end": { "line": 59, "column": 1 }
        }
      }
    },
    "branchMap": {
      "0": {
        "loc": {
          "start": { "line": 47, "column": 4 },
          "end": { "line": 55, "column": null }
        },
        "type": "if",
        "locations": [
          { "start": { "line": 47, "column": 4 }, "end": { "line": 55, "column": null } },
          { "start": { "line": 52, "column": 11 }, "end": { "line": 55, "column": null } }
        ]
      },
      "1": {
        "loc": {
          "start": { "line": 53, "column": 18 },
          "end": { "line": 53, "column": 64 }
        },
        "type": "cond-expr",
        "locations": [
          { "start": { "line": 53, "column": 34 }, "end": { "line": 53, "column": 35 } },
          { "start": { "line": 53, "column": 38 }, "end": { "line": 53, "column": 64 } }
        ]
      }
    },
    "s": {
      "0": 1,
      "1": 3,
      "2": 3,
      "3": 13,
      "4": 3,
      "5": 1,
      "6": 15,
      "7": 15,
      "8": 15,
      "9": 50,
      "10": 2,
      "11": 48,
      "12": 48,
      "13": 15,
      "14": 1
    },
    "f": { "0": 3, "1": 15 },
    "b": { "0": [2, 48], "1": [8, 40] }
  }
}
