{
  "C:\\MyProjects\\ui-kit-2022-Honglin\\packages\\ui-kit-components\\src\\components\\Branding\\Logo\\Logo.tsx": {
    "path": "C:\\MyProjects\\ui-kit-2022-Honglin\\packages\\ui-kit-components\\src\\components\\Branding\\Logo\\Logo.tsx",
    "statementMap": {
      "0": { "start": { "line": 1, "column": 0 }, "end": { "line": 1, "column": 41 } },
      "1": { "start": { "line": 3, "column": 0 }, "end": { "line": 3, "column": null } },
      "2": { "start": { "line": 15, "column": 30 }, "end": { "line": 27, "column": 1 } },
      "3": { "start": { "line": 16, "column": 16 }, "end": { "line": 16, "column": 26 } },
      "4": { "start": { "line": 17, "column": 16 }, "end": { "line": 17, "column": 78 } },
      "5": {
        "start": { "line": 19, "column": 2 },
        "end": { "line": 26, "column": null }
      },
      "6": { "start": { "line": 21, "column": 6 }, "end": { "line": 21, "column": 77 } },
      "7": { "start": { "line": 23, "column": 6 }, "end": { "line": 23, "column": 72 } },
      "8": { "start": { "line": 25, "column": 6 }, "end": { "line": 25, "column": 72 } },
      "9": { "start": { "line": 29, "column": 0 }, "end": { "line": 29, "column": 20 } }
    },
    "fnMap": {
      "0": {
        "name": "(anonymous_0)",
        "decl": {
          "start": { "line": 15, "column": 30 },
          "end": { "line": 15, "column": 31 }
        },
        "loc": {
          "start": { "line": 15, "column": 43 },
          "end": { "line": 27, "column": 1 }
        }
      }
    },
    "branchMap": {
      "0": {
        "loc": {
          "start": { "line": 17, "column": 16 },
          "end": { "line": 17, "column": 78 }
        },
        "type": "cond-expr",
        "locations": [
          { "start": { "line": 17, "column": 48 }, "end": { "line": 17, "column": 62 } },
          { "start": { "line": 17, "column": 65 }, "end": { "line": 17, "column": 78 } }
        ]
      },
      "1": {
        "loc": {
          "start": { "line": 19, "column": 2 },
          "end": { "line": 26, "column": null }
        },
        "type": "switch",
        "locations": [
          { "start": { "line": 20, "column": 4 }, "end": { "line": 21, "column": 77 } },
          { "start": { "line": 22, "column": 4 }, "end": { "line": 23, "column": 72 } },
          { "start": { "line": 24, "column": 4 }, "end": { "line": 25, "column": 72 } }
        ]
      }
    },
    "s": {
      "0": 1,
      "1": 1,
      "2": 1,
      "3": 3,
      "4": 3,
      "5": 3,
      "6": 1,
      "7": 1,
      "8": 1,
      "9": 1
    },
    "f": { "0": 3 },
    "b": { "0": [0, 3], "1": [1, 1, 1] }
  },
  "C:\\MyProjects\\ui-kit-2022-Honglin\\packages\\ui-kit-components\\src\\components\\Branding\\LogoBrand\\LogoBrand.tsx": {
    "path": "C:\\MyProjects\\ui-kit-2022-Honglin\\packages\\ui-kit-components\\src\\components\\Branding\\LogoBrand\\LogoBrand.tsx",
    "statementMap": {
      "0": { "start": { "line": 1, "column": 0 }, "end": { "line": 1, "column": 41 } },
      "1": { "start": { "line": 3, "column": 0 }, "end": { "line": 3, "column": 71 } },
      "2": { "start": { "line": 10, "column": 35 }, "end": { "line": 15, "column": 1 } },
      "3": { "start": { "line": 11, "column": 16 }, "end": { "line": 11, "column": 26 } },
      "4": { "start": { "line": 12, "column": 16 }, "end": { "line": 12, "column": 78 } },
      "5": { "start": { "line": 14, "column": 2 }, "end": { "line": 14, "column": 75 } },
      "6": { "start": { "line": 17, "column": 0 }, "end": { "line": 17, "column": 25 } }
    },
    "fnMap": {
      "0": {
        "name": "(anonymous_0)",
        "decl": {
          "start": { "line": 10, "column": 35 },
          "end": { "line": 10, "column": 36 }
        },
        "loc": {
          "start": { "line": 10, "column": 69 },
          "end": { "line": 15, "column": 1 }
        }
      }
    },
    "branchMap": {
      "0": {
        "loc": {
          "start": { "line": 10, "column": 38 },
          "end": { "line": 10, "column": 50 }
        },
        "type": "default-arg",
        "locations": [
          { "start": { "line": 10, "column": 47 }, "end": { "line": 10, "column": 50 } }
        ]
      },
      "1": {
        "loc": {
          "start": { "line": 10, "column": 52 },
          "end": { "line": 10, "column": 63 }
        },
        "type": "default-arg",
        "locations": [
          { "start": { "line": 10, "column": 60 }, "end": { "line": 10, "column": 63 } }
        ]
      },
      "2": {
        "loc": {
          "start": { "line": 12, "column": 16 },
          "end": { "line": 12, "column": 78 }
        },
        "type": "cond-expr",
        "locations": [
          { "start": { "line": 12, "column": 48 }, "end": { "line": 12, "column": 62 } },
          { "start": { "line": 12, "column": 65 }, "end": { "line": 12, "column": 78 } }
        ]
      }
    },
    "s": { "0": 2, "1": 2, "2": 2, "3": 9, "4": 9, "5": 9, "6": 2 },
    "f": { "0": 9 },
    "b": { "0": [7], "1": [7], "2": [0, 9] }
  },
  "C:\\MyProjects\\ui-kit-2022-Honglin\\packages\\ui-kit-components\\src\\components\\Branding\\LogoText\\LogoText.tsx": {
    "path": "C:\\MyProjects\\ui-kit-2022-Honglin\\packages\\ui-kit-components\\src\\components\\Branding\\LogoText\\LogoText.tsx",
    "statementMap": {
      "0": { "start": { "line": 1, "column": 0 }, "end": { "line": 1, "column": 41 } },
      "1": { "start": { "line": 3, "column": 0 }, "end": { "line": 3, "column": 83 } },
      "2": { "start": { "line": 10, "column": 34 }, "end": { "line": 15, "column": 1 } },
      "3": { "start": { "line": 11, "column": 16 }, "end": { "line": 11, "column": 26 } },
      "4": { "start": { "line": 12, "column": 16 }, "end": { "line": 12, "column": 78 } },
      "5": { "start": { "line": 14, "column": 2 }, "end": { "line": 14, "column": 75 } },
      "6": { "start": { "line": 17, "column": 0 }, "end": { "line": 17, "column": 24 } }
    },
    "fnMap": {
      "0": {
        "name": "(anonymous_0)",
        "decl": {
          "start": { "line": 10, "column": 34 },
          "end": { "line": 10, "column": 35 }
        },
        "loc": {
          "start": { "line": 10, "column": 67 },
          "end": { "line": 15, "column": 1 }
        }
      }
    },
    "branchMap": {
      "0": {
        "loc": {
          "start": { "line": 10, "column": 37 },
          "end": { "line": 10, "column": 48 }
        },
        "type": "default-arg",
        "locations": [
          { "start": { "line": 10, "column": 46 }, "end": { "line": 10, "column": 48 } }
        ]
      },
      "1": {
        "loc": {
          "start": { "line": 10, "column": 50 },
          "end": { "line": 10, "column": 61 }
        },
        "type": "default-arg",
        "locations": [
          { "start": { "line": 10, "column": 58 }, "end": { "line": 10, "column": 61 } }
        ]
      },
      "2": {
        "loc": {
          "start": { "line": 12, "column": 16 },
          "end": { "line": 12, "column": 78 }
        },
        "type": "cond-expr",
        "locations": [
          { "start": { "line": 12, "column": 48 }, "end": { "line": 12, "column": 62 } },
          { "start": { "line": 12, "column": 65 }, "end": { "line": 12, "column": 78 } }
        ]
      }
    },
    "s": { "0": 2, "1": 2, "2": 2, "3": 9, "4": 9, "5": 9, "6": 2 },
    "f": { "0": 9 },
    "b": { "0": [7], "1": [7], "2": [0, 9] }
  },
  "C:\\MyProjects\\ui-kit-2022-Honglin\\packages\\ui-kit-components\\src\\components\\Button\\button.tsx": {
    "path": "C:\\MyProjects\\ui-kit-2022-Honglin\\packages\\ui-kit-components\\src\\components\\Button\\button.tsx",
    "statementMap": {
      "0": { "start": { "line": 1, "column": 0 }, "end": { "line": 1, "column": 48 } },
      "1": { "start": { "line": 4, "column": 0 }, "end": { "line": 4, "column": 52 } },
      "2": { "start": { "line": 15, "column": 39 }, "end": { "line": 75, "column": 1 } },
      "3": {
        "start": { "line": 22, "column": 2 },
        "end": { "line": 62, "column": null }
      },
      "4": { "start": { "line": 23, "column": 4 }, "end": { "line": 41, "column": 6 } },
      "5": {
        "start": { "line": 42, "column": 9 },
        "end": { "line": 62, "column": null }
      },
      "6": { "start": { "line": 43, "column": 4 }, "end": { "line": 61, "column": 6 } },
      "7": { "start": { "line": 64, "column": 2 }, "end": { "line": 74, "column": 4 } },
      "8": { "start": { "line": 77, "column": 0 }, "end": { "line": 77, "column": 29 } }
    },
    "fnMap": {
      "0": {
        "name": "(anonymous_0)",
        "decl": {
          "start": { "line": 15, "column": 39 },
          "end": { "line": 15, "column": 40 }
        },
        "loc": {
          "start": { "line": 21, "column": 5 },
          "end": { "line": 75, "column": 1 }
        }
      }
    },
    "branchMap": {
      "0": {
        "loc": {
          "start": { "line": 16, "column": 2 },
          "end": { "line": 16, "column": 21 }
        },
        "type": "default-arg",
        "locations": [
          { "start": { "line": 16, "column": 12 }, "end": { "line": 16, "column": 21 } }
        ]
      },
      "1": {
        "loc": {
          "start": { "line": 17, "column": 2 },
          "end": { "line": 17, "column": 18 }
        },
        "type": "default-arg",
        "locations": [
          { "start": { "line": 17, "column": 13 }, "end": { "line": 17, "column": 18 } }
        ]
      },
      "2": {
        "loc": {
          "start": { "line": 18, "column": 2 },
          "end": { "line": 18, "column": 15 }
        },
        "type": "default-arg",
        "locations": [
          { "start": { "line": 18, "column": 13 }, "end": { "line": 18, "column": 15 } }
        ]
      },
      "3": {
        "loc": {
          "start": { "line": 22, "column": 2 },
          "end": { "line": 62, "column": null }
        },
        "type": "if",
        "locations": [
          { "start": { "line": 22, "column": 2 }, "end": { "line": 62, "column": null } },
          { "start": { "line": 42, "column": 9 }, "end": { "line": 62, "column": null } }
        ]
      },
      "4": {
        "loc": {
          "start": { "line": 42, "column": 9 },
          "end": { "line": 62, "column": null }
        },
        "type": "if",
        "locations": [
          { "start": { "line": 42, "column": 9 }, "end": { "line": 62, "column": null } }
        ]
      }
    },
    "s": { "0": 1, "1": 1, "2": 1, "3": 8, "4": 1, "5": 7, "6": 1, "7": 6, "8": 1 },
    "f": { "0": 8 },
    "b": { "0": [8], "1": [8], "2": [0], "3": [1, 7], "4": [1] }
  },
  "C:\\MyProjects\\ui-kit-2022-Honglin\\packages\\ui-kit-components\\src\\components\\Graph\\line-utils.ts": {
    "path": "C:\\MyProjects\\ui-kit-2022-Honglin\\packages\\ui-kit-components\\src\\components\\Graph\\line-utils.ts",
    "statementMap": {
      "0": { "start": { "line": 1, "column": 0 }, "end": { "line": 1, "column": 47 } },
      "1": { "start": { "line": 2, "column": 0 }, "end": { "line": 2, "column": null } },
      "2": { "start": { "line": 13, "column": 0 }, "end": { "line": 13, "column": 57 } },
      "3": { "start": { "line": 14, "column": 0 }, "end": { "line": 14, "column": 45 } },
      "4": { "start": { "line": 19, "column": 2 }, "end": { "line": 30, "column": 4 } },
      "5": { "start": { "line": 18, "column": 0 }, "end": { "line": 18, "column": 16 } },
      "6": { "start": { "line": 33, "column": 29 }, "end": { "line": 42, "column": 1 } },
      "7": { "start": { "line": 34, "column": 35 }, "end": { "line": 34, "column": 55 } },
      "8": { "start": { "line": 35, "column": 2 }, "end": { "line": 41, "column": 5 } },
      "9": { "start": { "line": 36, "column": 27 }, "end": { "line": 36, "column": 43 } },
      "10": { "start": { "line": 38, "column": 6 }, "end": { "line": 39, "column": 48 } },
      "11": { "start": { "line": 40, "column": 4 }, "end": { "line": 40, "column": 74 } },
      "12": {
        "start": { "line": 33, "column": 13 },
        "end": { "line": 33, "column": 29 }
      },
      "13": { "start": { "line": 44, "column": 23 }, "end": { "line": 82, "column": 1 } },
      "14": {
        "start": { "line": 49, "column": 42 },
        "end": { "line": 49, "column": 46 }
      },
      "15": { "start": { "line": 50, "column": 26 }, "end": { "line": 53, "column": 4 } },
      "16": {
        "start": { "line": 51, "column": 27 },
        "end": { "line": 51, "column": 43 }
      },
      "17": { "start": { "line": 52, "column": 4 }, "end": { "line": 52, "column": 42 } },
      "18": { "start": { "line": 55, "column": 2 }, "end": { "line": 81, "column": 8 } },
      "19": {
        "start": { "line": 44, "column": 13 },
        "end": { "line": 44, "column": 23 }
      },
      "20": {
        "start": { "line": 84, "column": 44 },
        "end": { "line": 111, "column": 1 }
      },
      "21": {
        "start": { "line": 89, "column": 14 },
        "end": { "line": 89, "column": 16 }
      },
      "22": {
        "start": { "line": 90, "column": 26 },
        "end": { "line": 90, "column": 73 }
      },
      "23": {
        "start": { "line": 90, "column": 60 },
        "end": { "line": 90, "column": 72 }
      },
      "24": { "start": { "line": 91, "column": 2 }, "end": { "line": 108, "column": 5 } },
      "25": {
        "start": { "line": 92, "column": 4 },
        "end": { "line": 107, "column": null }
      },
      "26": { "start": { "line": 93, "column": 6 }, "end": { "line": 106, "column": 8 } },
      "27": {
        "start": { "line": 110, "column": 2 },
        "end": { "line": 110, "column": 15 }
      },
      "28": {
        "start": { "line": 84, "column": 13 },
        "end": { "line": 84, "column": 44 }
      },
      "29": {
        "start": { "line": 113, "column": 45 },
        "end": { "line": 123, "column": 1 }
      },
      "30": {
        "start": { "line": 114, "column": 2 },
        "end": { "line": 122, "column": null }
      },
      "31": {
        "start": { "line": 115, "column": 4 },
        "end": { "line": 115, "column": 15 }
      },
      "32": {
        "start": { "line": 116, "column": 9 },
        "end": { "line": 122, "column": null }
      },
      "33": {
        "start": { "line": 117, "column": 4 },
        "end": { "line": 117, "column": 15 }
      },
      "34": {
        "start": { "line": 118, "column": 9 },
        "end": { "line": 122, "column": null }
      },
      "35": {
        "start": { "line": 119, "column": 4 },
        "end": { "line": 119, "column": 15 }
      },
      "36": {
        "start": { "line": 121, "column": 4 },
        "end": { "line": 121, "column": 15 }
      },
      "37": {
        "start": { "line": 113, "column": 13 },
        "end": { "line": 113, "column": 45 }
      }
    },
    "fnMap": {
      "0": {
        "name": "registerPlugins",
        "decl": {
          "start": { "line": 18, "column": 16 },
          "end": { "line": 18, "column": 31 }
        },
        "loc": {
          "start": { "line": 18, "column": 31 },
          "end": { "line": 31, "column": 1 }
        }
      },
      "1": {
        "name": "(anonymous_1)",
        "decl": {
          "start": { "line": 33, "column": 29 },
          "end": { "line": 33, "column": 30 }
        },
        "loc": {
          "start": { "line": 33, "column": 61 },
          "end": { "line": 42, "column": 1 }
        }
      },
      "2": {
        "name": "(anonymous_2)",
        "decl": {
          "start": { "line": 35, "column": 20 },
          "end": { "line": 35, "column": 21 }
        },
        "loc": {
          "start": { "line": 35, "column": 42 },
          "end": { "line": 41, "column": 3 }
        }
      },
      "3": {
        "name": "(anonymous_3)",
        "decl": {
          "start": { "line": 44, "column": 23 },
          "end": { "line": 44, "column": null }
        },
        "loc": {
          "start": { "line": 48, "column": 4 },
          "end": { "line": 82, "column": 1 }
        }
      },
      "4": {
        "name": "(anonymous_4)",
        "decl": {
          "start": { "line": 50, "column": 37 },
          "end": { "line": 50, "column": 38 }
        },
        "loc": {
          "start": { "line": 50, "column": 47 },
          "end": { "line": 53, "column": 3 }
        }
      },
      "5": {
        "name": "(anonymous_5)",
        "decl": {
          "start": { "line": 84, "column": 44 },
          "end": { "line": 84, "column": null }
        },
        "loc": {
          "start": { "line": 88, "column": 4 },
          "end": { "line": 111, "column": 1 }
        }
      },
      "6": {
        "name": "(anonymous_6)",
        "decl": {
          "start": { "line": 90, "column": 49 },
          "end": { "line": 90, "column": 50 }
        },
        "loc": {
          "start": { "line": 90, "column": 60 },
          "end": { "line": 90, "column": 72 }
        }
      },
      "7": {
        "name": "(anonymous_7)",
        "decl": {
          "start": { "line": 91, "column": 26 },
          "end": { "line": 91, "column": 27 }
        },
        "loc": {
          "start": { "line": 91, "column": 43 },
          "end": { "line": 108, "column": 3 }
        }
      },
      "8": {
        "name": "(anonymous_8)",
        "decl": {
          "start": { "line": 113, "column": 45 },
          "end": { "line": 113, "column": 46 }
        },
        "loc": {
          "start": { "line": 113, "column": 63 },
          "end": { "line": 123, "column": 1 }
        }
      }
    },
    "branchMap": {
      "0": {
        "loc": {
          "start": { "line": 33, "column": 48 },
          "end": { "line": 33, "column": 57 }
        },
        "type": "default-arg",
        "locations": [
          { "start": { "line": 33, "column": 55 }, "end": { "line": 33, "column": 57 } }
        ]
      },
      "1": {
        "loc": {
          "start": { "line": 40, "column": 11 },
          "end": { "line": 40, "column": 73 }
        },
        "type": "cond-expr",
        "locations": [
          { "start": { "line": 40, "column": 63 }, "end": { "line": 40, "column": 68 } },
          { "start": { "line": 40, "column": 71 }, "end": { "line": 40, "column": 73 } }
        ]
      },
      "2": {
        "loc": {
          "start": { "line": 40, "column": 11 },
          "end": { "line": 40, "column": 60 }
        },
        "type": "binary-expr",
        "locations": [
          { "start": { "line": 40, "column": 11 }, "end": { "line": 40, "column": 32 } },
          { "start": { "line": 40, "column": 36 }, "end": { "line": 40, "column": 60 } }
        ]
      },
      "3": {
        "loc": {
          "start": { "line": 52, "column": 11 },
          "end": { "line": 52, "column": 41 }
        },
        "type": "cond-expr",
        "locations": [
          { "start": { "line": 52, "column": 29 }, "end": { "line": 52, "column": 33 } },
          { "start": { "line": 52, "column": 36 }, "end": { "line": 52, "column": 41 } }
        ]
      },
      "4": {
        "loc": {
          "start": { "line": 55, "column": 9 },
          "end": { "line": 81, "column": 8 }
        },
        "type": "cond-expr",
        "locations": [
          { "start": { "line": 56, "column": 6 }, "end": { "line": 71, "column": null } },
          { "start": { "line": 72, "column": 6 }, "end": { "line": 81, "column": 8 } }
        ]
      },
      "5": {
        "loc": {
          "start": { "line": 86, "column": 2 },
          "end": { "line": 86, "column": 11 }
        },
        "type": "default-arg",
        "locations": [
          { "start": { "line": 86, "column": 9 }, "end": { "line": 86, "column": 11 } }
        ]
      },
      "6": {
        "loc": {
          "start": { "line": 92, "column": 4 },
          "end": { "line": 107, "column": null }
        },
        "type": "if",
        "locations": [
          { "start": { "line": 92, "column": 4 }, "end": { "line": 107, "column": null } }
        ]
      },
      "7": {
        "loc": {
          "start": { "line": 102, "column": 12 },
          "end": { "line": 104, "column": 45 }
        },
        "type": "cond-expr",
        "locations": [
          {
            "start": { "line": 103, "column": 16 },
            "end": { "line": 103, "column": 45 }
          },
          { "start": { "line": 104, "column": 16 }, "end": { "line": 104, "column": 45 } }
        ]
      },
      "8": {
        "loc": {
          "start": { "line": 114, "column": 2 },
          "end": { "line": 122, "column": null }
        },
        "type": "if",
        "locations": [
          {
            "start": { "line": 114, "column": 2 },
            "end": { "line": 122, "column": null }
          },
          {
            "start": { "line": 116, "column": 9 },
            "end": { "line": 122, "column": null }
          }
        ]
      },
      "9": {
        "loc": {
          "start": { "line": 116, "column": 9 },
          "end": { "line": 122, "column": null }
        },
        "type": "if",
        "locations": [
          {
            "start": { "line": 116, "column": 9 },
            "end": { "line": 122, "column": null }
          },
          {
            "start": { "line": 118, "column": 9 },
            "end": { "line": 122, "column": null }
          }
        ]
      },
      "10": {
        "loc": {
          "start": { "line": 116, "column": 13 },
          "end": { "line": 116, "column": 41 }
        },
        "type": "binary-expr",
        "locations": [
          {
            "start": { "line": 116, "column": 13 },
            "end": { "line": 116, "column": 25 }
          },
          { "start": { "line": 116, "column": 29 }, "end": { "line": 116, "column": 41 } }
        ]
      },
      "11": {
        "loc": {
          "start": { "line": 118, "column": 9 },
          "end": { "line": 122, "column": null }
        },
        "type": "if",
        "locations": [
          {
            "start": { "line": 118, "column": 9 },
            "end": { "line": 122, "column": null }
          },
          {
            "start": { "line": 120, "column": 9 },
            "end": { "line": 122, "column": null }
          }
        ]
      },
      "12": {
        "loc": {
          "start": { "line": 118, "column": 13 },
          "end": { "line": 118, "column": 39 }
        },
        "type": "binary-expr",
        "locations": [
          {
            "start": { "line": 118, "column": 13 },
            "end": { "line": 118, "column": 24 }
          },
          { "start": { "line": 118, "column": 28 }, "end": { "line": 118, "column": 39 } }
        ]
      }
    },
    "s": {
      "0": 1,
      "1": 1,
      "2": 1,
      "3": 1,
      "4": 0,
      "5": 1,
      "6": 1,
      "7": 5,
      "8": 5,
      "9": 31,
      "10": 31,
      "11": 31,
      "12": 1,
      "13": 1,
      "14": 4,
      "15": 4,
      "16": 22,
      "17": 22,
      "18": 4,
      "19": 1,
      "20": 1,
      "21": 3,
      "22": 3,
      "23": 13,
      "24": 3,
      "25": 8,
      "26": 3,
      "27": 3,
      "28": 1,
      "29": 1,
      "30": 2,
      "31": 0,
      "32": 2,
      "33": 0,
      "34": 2,
      "35": 0,
      "36": 2,
      "37": 1
    },
    "f": { "0": 0, "1": 5, "2": 31, "3": 4, "4": 22, "5": 3, "6": 13, "7": 8, "8": 2 },
    "b": {
      "0": [0],
      "1": [17, 14],
      "2": [31, 18],
      "3": [6, 16],
      "4": [1, 3],
      "5": [0],
      "6": [3],
      "7": [3, 0],
      "8": [0, 2],
      "9": [0, 2],
      "10": [2, 2],
      "11": [0, 2],
      "12": [2, 2]
    }
  },
  "C:\\MyProjects\\ui-kit-2022-Honglin\\packages\\ui-kit-components\\src\\components\\Graph\\line.tsx": {
    "path": "C:\\MyProjects\\ui-kit-2022-Honglin\\packages\\ui-kit-components\\src\\components\\Graph\\line.tsx",
    "statementMap": {
      "0": { "start": { "line": 1, "column": 0 }, "end": { "line": 1, "column": null } },
      "1": { "start": { "line": 12, "column": 0 }, "end": { "line": 12, "column": 39 } },
      "2": {
        "start": { "line": 14, "column": 0 },
        "end": { "line": 14, "column": null }
      },
      "3": { "start": { "line": 23, "column": 0 }, "end": { "line": 23, "column": 18 } },
      "4": { "start": { "line": 60, "column": 44 }, "end": { "line": 253, "column": 1 } },
      "5": { "start": { "line": 71, "column": 22 }, "end": { "line": 71, "column": 32 } },
      "6": {
        "start": { "line": 72, "column": 14 },
        "end": { "line": 73, "column": null }
      },
      "7": { "start": { "line": 73, "column": 41 }, "end": { "line": 73, "column": 58 } },
      "8": {
        "start": { "line": 75, "column": 14 },
        "end": { "line": 76, "column": null }
      },
      "9": { "start": { "line": 76, "column": 41 }, "end": { "line": 76, "column": 58 } },
      "10": {
        "start": { "line": 79, "column": 26 },
        "end": { "line": 79, "column": 59 }
      },
      "11": {
        "start": { "line": 80, "column": 31 },
        "end": { "line": 83, "column": null }
      },
      "12": {
        "start": { "line": 86, "column": 18 },
        "end": { "line": 238, "column": 4 }
      },
      "13": {
        "start": { "line": 104, "column": 12 },
        "end": { "line": 110, "column": null }
      },
      "14": {
        "start": { "line": 105, "column": 14 },
        "end": { "line": 105, "column": 40 }
      },
      "15": {
        "start": { "line": 107, "column": 14 },
        "end": { "line": 109, "column": 77 }
      },
      "16": {
        "start": { "line": 124, "column": 12 },
        "end": { "line": 130, "column": null }
      },
      "17": {
        "start": { "line": 125, "column": 14 },
        "end": { "line": 125, "column": 40 }
      },
      "18": {
        "start": { "line": 127, "column": 14 },
        "end": { "line": 129, "column": 77 }
      },
      "19": {
        "start": { "line": 133, "column": 12 },
        "end": { "line": 139, "column": null }
      },
      "20": {
        "start": { "line": 134, "column": 14 },
        "end": { "line": 136, "column": 77 }
      },
      "21": {
        "start": { "line": 138, "column": 14 },
        "end": { "line": 138, "column": 40 }
      },
      "22": {
        "start": { "line": 201, "column": 33 },
        "end": { "line": 201, "column": 59 }
      },
      "23": {
        "start": { "line": 231, "column": 33 },
        "end": { "line": 231, "column": 64 }
      },
      "24": {
        "start": { "line": 240, "column": 19 },
        "end": { "line": 240, "column": 75 }
      },
      "25": {
        "start": { "line": 241, "column": 2 },
        "end": { "line": 252, "column": 4 }
      },
      "26": {
        "start": { "line": 255, "column": 0 },
        "end": { "line": 255, "column": 25 }
      }
    },
    "fnMap": {
      "0": {
        "name": "(anonymous_0)",
        "decl": {
          "start": { "line": 60, "column": 44 },
          "end": { "line": 60, "column": 45 }
        },
        "loc": {
          "start": { "line": 70, "column": 5 },
          "end": { "line": 253, "column": 1 }
        }
      },
      "1": {
        "name": "(anonymous_1)",
        "decl": {
          "start": { "line": 73, "column": 32 },
          "end": { "line": 73, "column": 33 }
        },
        "loc": {
          "start": { "line": 73, "column": 41 },
          "end": { "line": 73, "column": 58 }
        }
      },
      "2": {
        "name": "(anonymous_2)",
        "decl": {
          "start": { "line": 76, "column": 32 },
          "end": { "line": 76, "column": 33 }
        },
        "loc": {
          "start": { "line": 76, "column": 41 },
          "end": { "line": 76, "column": 58 }
        }
      },
      "3": {
        "name": "(anonymous_3)",
        "decl": {
          "start": { "line": 103, "column": 17 },
          "end": { "line": 103, "column": 18 }
        },
        "loc": {
          "start": { "line": 103, "column": 49 },
          "end": { "line": 111, "column": 11 }
        }
      },
      "4": {
        "name": "(anonymous_4)",
        "decl": {
          "start": { "line": 123, "column": 21 },
          "end": { "line": 123, "column": 22 }
        },
        "loc": {
          "start": { "line": 123, "column": 53 },
          "end": { "line": 131, "column": 11 }
        }
      },
      "5": {
        "name": "(anonymous_5)",
        "decl": {
          "start": { "line": 132, "column": 17 },
          "end": { "line": 132, "column": 18 }
        },
        "loc": {
          "start": { "line": 132, "column": 49 },
          "end": { "line": 140, "column": 11 }
        }
      },
      "6": {
        "name": "(anonymous_6)",
        "decl": {
          "start": { "line": 201, "column": 27 },
          "end": { "line": 201, "column": 30 }
        },
        "loc": {
          "start": { "line": 201, "column": 33 },
          "end": { "line": 201, "column": 59 }
        }
      },
      "7": {
        "name": "(anonymous_7)",
        "decl": {
          "start": { "line": 231, "column": 27 },
          "end": { "line": 231, "column": 30 }
        },
        "loc": {
          "start": { "line": 231, "column": 33 },
          "end": { "line": 231, "column": 64 }
        }
      }
    },
    "branchMap": {
      "0": {
        "loc": {
          "start": { "line": 69, "column": 2 },
          "end": { "line": 69, "column": 26 }
        },
        "type": "default-arg",
        "locations": [
          { "start": { "line": 69, "column": 24 }, "end": { "line": 69, "column": 26 } }
        ]
      },
      "1": {
        "loc": {
          "start": { "line": 104, "column": 12 },
          "end": { "line": 110, "column": null }
        },
        "type": "if",
        "locations": [
          {
            "start": { "line": 104, "column": 12 },
            "end": { "line": 110, "column": null }
          },
          {
            "start": { "line": 106, "column": 19 },
            "end": { "line": 110, "column": null }
          }
        ]
      },
      "2": {
        "loc": {
          "start": { "line": 107, "column": 21 },
          "end": { "line": 109, "column": 76 }
        },
        "type": "cond-expr",
        "locations": [
          {
            "start": { "line": 108, "column": 18 },
            "end": { "line": 108, "column": 76 }
          },
          { "start": { "line": 109, "column": 18 }, "end": { "line": 109, "column": 76 } }
        ]
      },
      "3": {
        "loc": {
          "start": { "line": 124, "column": 12 },
          "end": { "line": 130, "column": null }
        },
        "type": "if",
        "locations": [
          {
            "start": { "line": 124, "column": 12 },
            "end": { "line": 130, "column": null }
          },
          {
            "start": { "line": 126, "column": 19 },
            "end": { "line": 130, "column": null }
          }
        ]
      },
      "4": {
        "loc": {
          "start": { "line": 127, "column": 21 },
          "end": { "line": 129, "column": 76 }
        },
        "type": "cond-expr",
        "locations": [
          {
            "start": { "line": 128, "column": 18 },
            "end": { "line": 128, "column": 76 }
          },
          { "start": { "line": 129, "column": 18 }, "end": { "line": 129, "column": 76 } }
        ]
      },
      "5": {
        "loc": {
          "start": { "line": 133, "column": 12 },
          "end": { "line": 139, "column": null }
        },
        "type": "if",
        "locations": [
          {
            "start": { "line": 133, "column": 12 },
            "end": { "line": 139, "column": null }
          },
          {
            "start": { "line": 137, "column": 19 },
            "end": { "line": 139, "column": null }
          }
        ]
      },
      "6": {
        "loc": {
          "start": { "line": 134, "column": 21 },
          "end": { "line": 136, "column": 76 }
        },
        "type": "cond-expr",
        "locations": [
          {
            "start": { "line": 135, "column": 18 },
            "end": { "line": 135, "column": 76 }
          },
          { "start": { "line": 136, "column": 18 }, "end": { "line": 136, "column": 76 } }
        ]
      },
      "7": {
        "loc": {
          "start": { "line": 154, "column": 12 },
          "end": { "line": 156, "column": 49 }
        },
        "type": "cond-expr",
        "locations": [
          {
            "start": { "line": 155, "column": 16 },
            "end": { "line": 155, "column": 49 }
          },
          { "start": { "line": 156, "column": 16 }, "end": { "line": 156, "column": 49 } }
        ]
      },
      "8": {
        "loc": {
          "start": { "line": 173, "column": 18 },
          "end": { "line": 236, "column": null }
        },
        "type": "cond-expr",
        "locations": [
          {
            "start": { "line": 174, "column": 10 },
            "end": { "line": 174, "column": 19 }
          },
          {
            "start": { "line": 175, "column": 10 },
            "end": { "line": 236, "column": null }
          }
        ]
      },
      "9": {
        "loc": {
          "start": { "line": 184, "column": 18 },
          "end": { "line": 184, "column": 89 }
        },
        "type": "cond-expr",
        "locations": [
          {
            "start": { "line": 184, "column": 45 },
            "end": { "line": 184, "column": 65 }
          },
          { "start": { "line": 184, "column": 68 }, "end": { "line": 184, "column": 89 } }
        ]
      },
      "10": {
        "loc": {
          "start": { "line": 199, "column": 57 },
          "end": { "line": 199, "column": 74 }
        },
        "type": "binary-expr",
        "locations": [
          {
            "start": { "line": 199, "column": 57 },
            "end": { "line": 199, "column": 69 }
          },
          { "start": { "line": 199, "column": 73 }, "end": { "line": 199, "column": 74 } }
        ]
      },
      "11": {
        "loc": {
          "start": { "line": 210, "column": 29 },
          "end": { "line": 212, "column": 65 }
        },
        "type": "cond-expr",
        "locations": [
          {
            "start": { "line": 211, "column": 20 },
            "end": { "line": 211, "column": 40 }
          },
          { "start": { "line": 212, "column": 21 }, "end": { "line": 212, "column": 65 } }
        ]
      },
      "12": {
        "loc": {
          "start": { "line": 217, "column": 35 },
          "end": { "line": 219, "column": 67 }
        },
        "type": "cond-expr",
        "locations": [
          {
            "start": { "line": 218, "column": 22 },
            "end": { "line": 218, "column": 42 }
          },
          { "start": { "line": 219, "column": 23 }, "end": { "line": 219, "column": 67 } }
        ]
      },
      "13": {
        "loc": {
          "start": { "line": 229, "column": 57 },
          "end": { "line": 229, "column": 73 }
        },
        "type": "binary-expr",
        "locations": [
          {
            "start": { "line": 229, "column": 57 },
            "end": { "line": 229, "column": 68 }
          },
          { "start": { "line": 229, "column": 72 }, "end": { "line": 229, "column": 73 } }
        ]
      },
      "14": {
        "loc": {
          "start": { "line": 240, "column": 44 },
          "end": { "line": 240, "column": 65 }
        },
        "type": "cond-expr",
        "locations": [
          {
            "start": { "line": 240, "column": 54 },
            "end": { "line": 240, "column": 58 }
          },
          { "start": { "line": 240, "column": 61 }, "end": { "line": 240, "column": 65 } }
        ]
      },
      "15": {
        "loc": {
          "start": { "line": 243, "column": 7 },
          "end": { "line": 248, "column": null }
        },
        "type": "binary-expr",
        "locations": [
          { "start": { "line": 243, "column": 7 }, "end": { "line": 243, "column": 14 } },
          {
            "start": { "line": 244, "column": 8 },
            "end": { "line": 247, "column": null }
          }
        ]
      }
    },
    "s": {
      "0": 1,
      "1": 1,
      "2": 1,
      "3": 1,
      "4": 1,
      "5": 2,
      "6": 2,
      "7": 4,
      "8": 2,
      "9": 4,
      "10": 2,
      "11": 2,
      "12": 2,
      "13": 0,
      "14": 0,
      "15": 0,
      "16": 0,
      "17": 0,
      "18": 0,
      "19": 0,
      "20": 0,
      "21": 0,
      "22": 0,
      "23": 0,
      "24": 2,
      "25": 2,
      "26": 1
    },
    "f": { "0": 2, "1": 4, "2": 4, "3": 0, "4": 0, "5": 0, "6": 0, "7": 0 },
    "b": {
      "0": [2],
      "1": [0, 0],
      "2": [0, 0],
      "3": [0, 0],
      "4": [0, 0],
      "5": [0, 0],
      "6": [0, 0],
      "7": [2, 0],
      "8": [1, 1],
      "9": [1, 0],
      "10": [1, 1],
      "11": [1, 0],
      "12": [1, 0],
      "13": [1, 1],
      "14": [1, 1],
      "15": [2, 1]
    }
  },
  "C:\\MyProjects\\ui-kit-2022-Honglin\\packages\\ui-kit-components\\src\\components\\IndexTickers\\IndexTickers.tsx": {
    "path": "C:\\MyProjects\\ui-kit-2022-Honglin\\packages\\ui-kit-components\\src\\components\\IndexTickers\\IndexTickers.tsx",
    "statementMap": {
      "0": { "start": { "line": 1, "column": 0 }, "end": { "line": 1, "column": null } },
      "1": { "start": { "line": 12, "column": 0 }, "end": { "line": 12, "column": 49 } },
      "2": { "start": { "line": 21, "column": 24 }, "end": { "line": 23, "column": 1 } },
      "3": { "start": { "line": 22, "column": 2 }, "end": { "line": 22, "column": 47 } },
      "4": { "start": { "line": 24, "column": 14 }, "end": { "line": 32, "column": 1 } },
      "5": {
        "start": { "line": 25, "column": 2 },
        "end": { "line": 31, "column": null }
      },
      "6": { "start": { "line": 26, "column": 4 }, "end": { "line": 26, "column": 14 } },
      "7": {
        "start": { "line": 27, "column": 9 },
        "end": { "line": 31, "column": null }
      },
      "8": { "start": { "line": 28, "column": 4 }, "end": { "line": 28, "column": 41 } },
      "9": { "start": { "line": 30, "column": 4 }, "end": { "line": 30, "column": 43 } },
      "10": {
        "start": { "line": 33, "column": 38 },
        "end": { "line": 172, "column": 1 }
      },
      "11": {
        "start": { "line": 40, "column": 16 },
        "end": { "line": 40, "column": 26 }
      },
      "12": {
        "start": { "line": 41, "column": 25 },
        "end": { "line": 41, "column": 60 }
      },
      "13": {
        "start": { "line": 42, "column": 27 },
        "end": { "line": 42, "column": 62 }
      },
      "14": {
        "start": { "line": 43, "column": 18 },
        "end": { "line": 43, "column": 53 }
      },
      "15": {
        "start": { "line": 44, "column": 2 },
        "end": { "line": 171, "column": null }
      },
      "16": { "start": { "line": 45, "column": 4 }, "end": { "line": 90, "column": 6 } },
      "17": { "start": { "line": 92, "column": 4 }, "end": { "line": 170, "column": 6 } },
      "18": {
        "start": { "line": 173, "column": 0 },
        "end": { "line": 173, "column": 28 }
      }
    },
    "fnMap": {
      "0": {
        "name": "(anonymous_0)",
        "decl": {
          "start": { "line": 21, "column": 24 },
          "end": { "line": 21, "column": 25 }
        },
        "loc": {
          "start": { "line": 21, "column": 40 },
          "end": { "line": 23, "column": 1 }
        }
      },
      "1": {
        "name": "(anonymous_1)",
        "decl": {
          "start": { "line": 24, "column": 14 },
          "end": { "line": 24, "column": 15 }
        },
        "loc": {
          "start": { "line": 24, "column": 57 },
          "end": { "line": 32, "column": 1 }
        }
      },
      "2": {
        "name": "(anonymous_2)",
        "decl": {
          "start": { "line": 33, "column": 38 },
          "end": { "line": 33, "column": 39 }
        },
        "loc": {
          "start": { "line": 39, "column": 5 },
          "end": { "line": 172, "column": 1 }
        }
      }
    },
    "branchMap": {
      "0": {
        "loc": {
          "start": { "line": 25, "column": 2 },
          "end": { "line": 31, "column": null }
        },
        "type": "if",
        "locations": [
          { "start": { "line": 25, "column": 2 }, "end": { "line": 31, "column": null } },
          { "start": { "line": 27, "column": 9 }, "end": { "line": 31, "column": null } }
        ]
      },
      "1": {
        "loc": {
          "start": { "line": 27, "column": 9 },
          "end": { "line": 31, "column": null }
        },
        "type": "if",
        "locations": [
          { "start": { "line": 27, "column": 9 }, "end": { "line": 31, "column": null } },
          { "start": { "line": 29, "column": 9 }, "end": { "line": 31, "column": null } }
        ]
      },
      "2": {
        "loc": {
          "start": { "line": 34, "column": 2 },
          "end": { "line": 34, "column": 15 }
        },
        "type": "default-arg",
        "locations": [
          { "start": { "line": 34, "column": 9 }, "end": { "line": 34, "column": 15 } }
        ]
      },
      "3": {
        "loc": {
          "start": { "line": 35, "column": 2 },
          "end": { "line": 35, "column": 17 }
        },
        "type": "default-arg",
        "locations": [
          { "start": { "line": 35, "column": 16 }, "end": { "line": 35, "column": 17 } }
        ]
      },
      "4": {
        "loc": {
          "start": { "line": 36, "column": 2 },
          "end": { "line": 36, "column": 18 }
        },
        "type": "default-arg",
        "locations": [
          { "start": { "line": 36, "column": 17 }, "end": { "line": 36, "column": 18 } }
        ]
      },
      "5": {
        "loc": {
          "start": { "line": 37, "column": 2 },
          "end": { "line": 37, "column": 16 }
        },
        "type": "default-arg",
        "locations": [
          { "start": { "line": 37, "column": 15 }, "end": { "line": 37, "column": 16 } }
        ]
      },
      "6": {
        "loc": {
          "start": { "line": 38, "column": 2 },
          "end": { "line": 38, "column": 23 }
        },
        "type": "default-arg",
        "locations": [
          { "start": { "line": 38, "column": 19 }, "end": { "line": 38, "column": 23 } }
        ]
      },
      "7": {
        "loc": {
          "start": { "line": 44, "column": 2 },
          "end": { "line": 171, "column": null }
        },
        "type": "if",
        "locations": [
          {
            "start": { "line": 44, "column": 2 },
            "end": { "line": 171, "column": null }
          },
          { "start": { "line": 91, "column": 9 }, "end": { "line": 171, "column": null } }
        ]
      },
      "8": {
        "loc": {
          "start": { "line": 47, "column": 9 },
          "end": { "line": 47, "column": 70 }
        },
        "type": "binary-expr",
        "locations": [
          { "start": { "line": 47, "column": 9 }, "end": { "line": 47, "column": 23 } },
          { "start": { "line": 47, "column": 27 }, "end": { "line": 47, "column": 70 } }
        ]
      },
      "9": {
        "loc": {
          "start": { "line": 54, "column": 13 },
          "end": { "line": 71, "column": 16 }
        },
        "type": "binary-expr",
        "locations": [
          { "start": { "line": 54, "column": 13 }, "end": { "line": 54, "column": 31 } },
          { "start": { "line": 55, "column": 15 }, "end": { "line": 70, "column": null } }
        ]
      },
      "10": {
        "loc": {
          "start": { "line": 55, "column": 15 },
          "end": { "line": 70, "column": null }
        },
        "type": "cond-expr",
        "locations": [
          {
            "start": { "line": 56, "column": 16 },
            "end": { "line": 61, "column": null }
          },
          { "start": { "line": 64, "column": 16 }, "end": { "line": 69, "column": null } }
        ]
      },
      "11": {
        "loc": {
          "start": { "line": 75, "column": 11 },
          "end": { "line": 77, "column": 43 }
        },
        "type": "cond-expr",
        "locations": [
          { "start": { "line": 76, "column": 14 }, "end": { "line": 76, "column": 49 } },
          { "start": { "line": 77, "column": 14 }, "end": { "line": 77, "column": 43 } }
        ]
      },
      "12": {
        "loc": {
          "start": { "line": 83, "column": 11 },
          "end": { "line": 85, "column": 41 }
        },
        "type": "cond-expr",
        "locations": [
          { "start": { "line": 84, "column": 14 }, "end": { "line": 84, "column": 47 } },
          { "start": { "line": 85, "column": 14 }, "end": { "line": 85, "column": 41 } }
        ]
      },
      "13": {
        "loc": {
          "start": { "line": 88, "column": 9 },
          "end": { "line": 88, "column": 70 }
        },
        "type": "binary-expr",
        "locations": [
          { "start": { "line": 88, "column": 9 }, "end": { "line": 88, "column": 23 } },
          { "start": { "line": 88, "column": 27 }, "end": { "line": 88, "column": 70 } }
        ]
      },
      "14": {
        "loc": {
          "start": { "line": 93, "column": 19 },
          "end": { "line": 93, "column": 53 }
        },
        "type": "cond-expr",
        "locations": [
          { "start": { "line": 93, "column": 38 }, "end": { "line": 93, "column": 44 } },
          { "start": { "line": 93, "column": 47 }, "end": { "line": 93, "column": 53 } }
        ]
      },
      "15": {
        "loc": {
          "start": { "line": 94, "column": 9 },
          "end": { "line": 94, "column": 70 }
        },
        "type": "binary-expr",
        "locations": [
          { "start": { "line": 94, "column": 9 }, "end": { "line": 94, "column": 23 } },
          { "start": { "line": 94, "column": 27 }, "end": { "line": 94, "column": 70 } }
        ]
      },
      "16": {
        "loc": {
          "start": { "line": 96, "column": 14 },
          "end": { "line": 96, "column": 29 }
        },
        "type": "cond-expr",
        "locations": [
          { "start": { "line": 96, "column": 24 }, "end": { "line": 96, "column": 25 } },
          { "start": { "line": 96, "column": 28 }, "end": { "line": 96, "column": 29 } }
        ]
      },
      "17": {
        "loc": {
          "start": { "line": 104, "column": 24 },
          "end": { "line": 104, "column": 57 }
        },
        "type": "cond-expr",
        "locations": [
          {
            "start": { "line": 104, "column": 43 },
            "end": { "line": 104, "column": 48 }
          },
          { "start": { "line": 104, "column": 51 }, "end": { "line": 104, "column": 57 } }
        ]
      },
      "18": {
        "loc": {
          "start": { "line": 111, "column": 24 },
          "end": { "line": 111, "column": 57 }
        },
        "type": "cond-expr",
        "locations": [
          {
            "start": { "line": 111, "column": 43 },
            "end": { "line": 111, "column": 48 }
          },
          { "start": { "line": 111, "column": 51 }, "end": { "line": 111, "column": 57 } }
        ]
      },
      "19": {
        "loc": {
          "start": { "line": 124, "column": 15 },
          "end": { "line": 143, "column": 18 }
        },
        "type": "binary-expr",
        "locations": [
          {
            "start": { "line": 124, "column": 15 },
            "end": { "line": 124, "column": 33 }
          },
          {
            "start": { "line": 125, "column": 17 },
            "end": { "line": 142, "column": null }
          }
        ]
      },
      "20": {
        "loc": {
          "start": { "line": 125, "column": 17 },
          "end": { "line": 142, "column": null }
        },
        "type": "cond-expr",
        "locations": [
          {
            "start": { "line": 126, "column": 18 },
            "end": { "line": 132, "column": null }
          },
          {
            "start": { "line": 135, "column": 18 },
            "end": { "line": 141, "column": null }
          }
        ]
      },
      "21": {
        "loc": {
          "start": { "line": 147, "column": 24 },
          "end": { "line": 147, "column": 57 }
        },
        "type": "cond-expr",
        "locations": [
          {
            "start": { "line": 147, "column": 43 },
            "end": { "line": 147, "column": 48 }
          },
          { "start": { "line": 147, "column": 51 }, "end": { "line": 147, "column": 57 } }
        ]
      },
      "22": {
        "loc": {
          "start": { "line": 148, "column": 18 },
          "end": { "line": 148, "column": 44 }
        },
        "type": "cond-expr",
        "locations": [
          {
            "start": { "line": 148, "column": 39 },
            "end": { "line": 148, "column": 40 }
          },
          { "start": { "line": 148, "column": 43 }, "end": { "line": 148, "column": 44 } }
        ]
      },
      "23": {
        "loc": {
          "start": { "line": 151, "column": 15 },
          "end": { "line": 153, "column": 47 }
        },
        "type": "cond-expr",
        "locations": [
          {
            "start": { "line": 152, "column": 18 },
            "end": { "line": 152, "column": 53 }
          },
          { "start": { "line": 153, "column": 18 }, "end": { "line": 153, "column": 47 } }
        ]
      },
      "24": {
        "loc": {
          "start": { "line": 158, "column": 24 },
          "end": { "line": 158, "column": 57 }
        },
        "type": "cond-expr",
        "locations": [
          {
            "start": { "line": 158, "column": 43 },
            "end": { "line": 158, "column": 48 }
          },
          { "start": { "line": 158, "column": 51 }, "end": { "line": 158, "column": 57 } }
        ]
      },
      "25": {
        "loc": {
          "start": { "line": 161, "column": 15 },
          "end": { "line": 163, "column": 45 }
        },
        "type": "cond-expr",
        "locations": [
          {
            "start": { "line": 162, "column": 18 },
            "end": { "line": 162, "column": 51 }
          },
          { "start": { "line": 163, "column": 18 }, "end": { "line": 163, "column": 45 } }
        ]
      },
      "26": {
        "loc": {
          "start": { "line": 168, "column": 9 },
          "end": { "line": 168, "column": 70 }
        },
        "type": "binary-expr",
        "locations": [
          { "start": { "line": 168, "column": 9 }, "end": { "line": 168, "column": 23 } },
          { "start": { "line": 168, "column": 27 }, "end": { "line": 168, "column": 70 } }
        ]
      }
    },
    "s": {
      "0": 1,
      "1": 1,
      "2": 1,
      "3": 30,
      "4": 1,
      "5": 10,
      "6": 2,
      "7": 8,
      "8": 2,
      "9": 6,
      "10": 1,
      "11": 10,
      "12": 10,
      "13": 10,
      "14": 10,
      "15": 10,
      "16": 0,
      "17": 10,
      "18": 1
    },
    "f": { "0": 30, "1": 10, "2": 10 },
    "b": {
      "0": [2, 8],
      "1": [2, 6],
      "2": [0],
      "3": [0],
      "4": [0],
      "5": [0],
      "6": [10],
      "7": [0, 10],
      "8": [0, 0],
      "9": [0, 0],
      "10": [0, 0],
      "11": [0, 0],
      "12": [0, 0],
      "13": [0, 0],
      "14": [0, 10],
      "15": [10, 10],
      "16": [0, 10],
      "17": [0, 10],
      "18": [0, 10],
      "19": [10, 8],
      "20": [2, 6],
      "21": [0, 10],
      "22": [2, 8],
      "23": [8, 2],
      "24": [0, 10],
      "25": [8, 2],
      "26": [10, 10]
    }
  },
  "C:\\MyProjects\\ui-kit-2022-Honglin\\packages\\ui-kit-components\\src\\components\\PageNotFound\\PageNotFound.tsx": {
    "path": "C:\\MyProjects\\ui-kit-2022-Honglin\\packages\\ui-kit-components\\src\\components\\PageNotFound\\PageNotFound.tsx",
    "statementMap": {
      "0": { "start": { "line": 1, "column": 0 }, "end": { "line": 1, "column": 62 } },
      "1": { "start": { "line": 3, "column": 0 }, "end": { "line": 3, "column": 48 } },
      "2": { "start": { "line": 4, "column": 0 }, "end": { "line": 4, "column": 35 } },
      "3": { "start": { "line": 5, "column": 0 }, "end": { "line": 5, "column": null } },
      "4": { "start": { "line": 10, "column": 0 }, "end": { "line": 10, "column": 59 } },
      "5": { "start": { "line": 12, "column": 15 }, "end": { "line": 58, "column": 2 } },
      "6": { "start": { "line": 13, "column": 37 }, "end": { "line": 15, "column": 4 } },
      "7": { "start": { "line": 16, "column": 38 }, "end": { "line": 24, "column": 4 } },
      "8": { "start": { "line": 29, "column": 40 }, "end": { "line": 36, "column": 4 } },
      "9": {
        "start": { "line": 66, "column": 21 },
        "end": { "line": 115, "column": null }
      },
      "10": {
        "start": { "line": 71, "column": 2 },
        "end": { "line": 114, "column": null }
      },
      "11": {
        "start": { "line": 118, "column": 0 },
        "end": { "line": 118, "column": 28 }
      }
    },
    "fnMap": {
      "0": {
        "name": "(anonymous_0)",
        "decl": {
          "start": { "line": 13, "column": 12 },
          "end": { "line": 13, "column": 13 }
        },
        "loc": {
          "start": { "line": 13, "column": 37 },
          "end": { "line": 15, "column": 4 }
        }
      },
      "1": {
        "name": "(anonymous_1)",
        "decl": {
          "start": { "line": 16, "column": 9 },
          "end": { "line": 16, "column": 10 }
        },
        "loc": {
          "start": { "line": 16, "column": 38 },
          "end": { "line": 24, "column": 4 }
        }
      },
      "2": {
        "name": "(anonymous_2)",
        "decl": {
          "start": { "line": 29, "column": 11 },
          "end": { "line": 29, "column": 12 }
        },
        "loc": {
          "start": { "line": 29, "column": 40 },
          "end": { "line": 36, "column": 4 }
        }
      },
      "3": {
        "name": "(anonymous_3)",
        "decl": {
          "start": { "line": 66, "column": 21 },
          "end": { "line": 66, "column": 54 }
        },
        "loc": {
          "start": { "line": 71, "column": 2 },
          "end": { "line": 114, "column": null }
        }
      }
    },
    "branchMap": {
      "0": {
        "loc": {
          "start": { "line": 14, "column": 11 },
          "end": { "line": 14, "column": 67 }
        },
        "type": "cond-expr",
        "locations": [
          { "start": { "line": 14, "column": 38 }, "end": { "line": 14, "column": 51 } },
          { "start": { "line": 14, "column": 54 }, "end": { "line": 14, "column": 67 } }
        ]
      },
      "1": {
        "loc": {
          "start": { "line": 75, "column": 24 },
          "end": { "line": 75, "column": 49 }
        },
        "type": "cond-expr",
        "locations": [
          { "start": { "line": 75, "column": 39 }, "end": { "line": 75, "column": 42 } },
          { "start": { "line": 75, "column": 45 }, "end": { "line": 75, "column": 49 } }
        ]
      },
      "2": {
        "loc": {
          "start": { "line": 76, "column": 25 },
          "end": { "line": 76, "column": 50 }
        },
        "type": "cond-expr",
        "locations": [
          { "start": { "line": 76, "column": 40 }, "end": { "line": 76, "column": 43 } },
          { "start": { "line": 76, "column": 46 }, "end": { "line": 76, "column": 50 } }
        ]
      }
    },
    "s": {
      "0": 1,
      "1": 1,
      "2": 1,
      "3": 1,
      "4": 1,
      "5": 1,
      "6": 0,
      "7": 4,
      "8": 0,
      "9": 1,
      "10": 4,
      "11": 1
    },
    "f": { "0": 0, "1": 4, "2": 0, "3": 4 },
    "b": { "0": [0, 0], "1": [4, 0], "2": [4, 0] }
  },
  "C:\\MyProjects\\ui-kit-2022-Honglin\\packages\\ui-kit-components\\src\\components\\Pill\\Pill.tsx": {
    "path": "C:\\MyProjects\\ui-kit-2022-Honglin\\packages\\ui-kit-components\\src\\components\\Pill\\Pill.tsx",
    "statementMap": {
      "0": { "start": { "line": 1, "column": 0 }, "end": { "line": 1, "column": 46 } },
      "1": {
        "start": { "line": 27, "column": 34 },
        "end": { "line": 45, "column": null }
      },
      "2": {
        "start": { "line": 35, "column": 2 },
        "end": { "line": 44, "column": null }
      },
      "3": { "start": { "line": 48, "column": 0 }, "end": { "line": 48, "column": 20 } }
    },
    "fnMap": {
      "0": {
        "name": "(anonymous_0)",
        "decl": {
          "start": { "line": 27, "column": 34 },
          "end": { "line": 27, "column": 35 }
        },
        "loc": {
          "start": { "line": 35, "column": 2 },
          "end": { "line": 44, "column": null }
        }
      }
    },
    "branchMap": {
      "0": {
        "loc": {
          "start": { "line": 28, "column": 2 },
          "end": { "line": 28, "column": 19 }
        },
        "type": "default-arg",
        "locations": [
          { "start": { "line": 28, "column": 10 }, "end": { "line": 28, "column": 19 } }
        ]
      },
      "1": {
        "loc": {
          "start": { "line": 41, "column": 10 },
          "end": { "line": 41, "column": 37 }
        },
        "type": "binary-expr",
        "locations": [
          { "start": { "line": 41, "column": 10 }, "end": { "line": 41, "column": 16 } },
          { "start": { "line": 41, "column": 20 }, "end": { "line": 41, "column": 37 } }
        ]
      }
    },
    "s": { "0": 1, "1": 1, "2": 4, "3": 1 },
    "f": { "0": 4 },
    "b": { "0": [3], "1": [4, 1] }
  },
  "C:\\MyProjects\\ui-kit-2022-Honglin\\packages\\ui-kit-components\\src\\components\\SplashScreen\\SplashScreen.tsx": {
    "path": "C:\\MyProjects\\ui-kit-2022-Honglin\\packages\\ui-kit-components\\src\\components\\SplashScreen\\SplashScreen.tsx",
    "statementMap": {
      "0": { "start": { "line": 1, "column": 0 }, "end": { "line": 1, "column": 48 } },
      "1": { "start": { "line": 2, "column": 0 }, "end": { "line": 2, "column": 48 } },
      "2": { "start": { "line": 3, "column": 0 }, "end": { "line": 3, "column": 56 } },
      "3": { "start": { "line": 5, "column": 0 }, "end": { "line": 5, "column": 56 } },
      "4": { "start": { "line": 6, "column": 0 }, "end": { "line": 6, "column": 53 } },
      "5": { "start": { "line": 9, "column": 16 }, "end": { "line": 9, "column": 26 } },
      "6": { "start": { "line": 10, "column": 24 }, "end": { "line": 10, "column": 67 } },
      "7": { "start": { "line": 12, "column": 2 }, "end": { "line": 43, "column": 4 } },
      "8": { "start": { "line": 8, "column": 0 }, "end": { "line": 8, "column": 24 } }
    },
    "fnMap": {
      "0": {
        "name": "SplashScreen",
        "decl": {
          "start": { "line": 8, "column": 24 },
          "end": { "line": 8, "column": 36 }
        },
        "loc": {
          "start": { "line": 8, "column": 36 },
          "end": { "line": 44, "column": 1 }
        }
      }
    },
    "branchMap": {
      "0": {
        "loc": {
          "start": { "line": 25, "column": 15 },
          "end": { "line": 25, "column": 46 }
        },
        "type": "cond-expr",
        "locations": [
          { "start": { "line": 25, "column": 31 }, "end": { "line": 25, "column": 34 } },
          { "start": { "line": 25, "column": 37 }, "end": { "line": 25, "column": 46 } }
        ]
      },
      "1": {
        "loc": {
          "start": { "line": 26, "column": 16 },
          "end": { "line": 26, "column": 47 }
        },
        "type": "cond-expr",
        "locations": [
          { "start": { "line": 26, "column": 32 }, "end": { "line": 26, "column": 35 } },
          { "start": { "line": 26, "column": 38 }, "end": { "line": 26, "column": 47 } }
        ]
      },
      "2": {
        "loc": {
          "start": { "line": 29, "column": 15 },
          "end": { "line": 29, "column": 46 }
        },
        "type": "cond-expr",
        "locations": [
          { "start": { "line": 29, "column": 31 }, "end": { "line": 29, "column": 34 } },
          { "start": { "line": 29, "column": 37 }, "end": { "line": 29, "column": 46 } }
        ]
      },
      "3": {
        "loc": {
          "start": { "line": 30, "column": 16 },
          "end": { "line": 30, "column": 46 }
        },
        "type": "cond-expr",
        "locations": [
          { "start": { "line": 30, "column": 32 }, "end": { "line": 30, "column": 34 } },
          { "start": { "line": 30, "column": 37 }, "end": { "line": 30, "column": 46 } }
        ]
      }
    },
    "s": { "0": 1, "1": 1, "2": 1, "3": 1, "4": 1, "5": 3, "6": 3, "7": 3, "8": 1 },
    "f": { "0": 3 },
    "b": { "0": [0, 3], "1": [0, 3], "2": [0, 3], "3": [0, 3] }
  },
  "C:\\MyProjects\\ui-kit-2022-Honglin\\packages\\ui-kit-components\\src\\components\\TextSearch\\TextSearch.tsx": {
    "path": "C:\\MyProjects\\ui-kit-2022-Honglin\\packages\\ui-kit-components\\src\\components\\TextSearch\\TextSearch.tsx",
    "statementMap": {
      "0": { "start": { "line": 1, "column": 0 }, "end": { "line": 1, "column": null } },
      "1": { "start": { "line": 9, "column": 0 }, "end": { "line": 9, "column": 37 } },
      "2": { "start": { "line": 16, "column": 37 }, "end": { "line": 52, "column": 1 } },
      "3": {
        "start": { "line": 20, "column": 2 },
        "end": { "line": 22, "column": null }
      },
      "4": { "start": { "line": 21, "column": 4 }, "end": { "line": 21, "column": 17 } },
      "5": {
        "start": { "line": 24, "column": 23 },
        "end": { "line": 48, "column": null }
      },
      "6": { "start": { "line": 31, "column": 25 }, "end": { "line": 31, "column": 41 } },
      "7": { "start": { "line": 32, "column": 24 }, "end": { "line": 32, "column": 54 } },
      "8": { "start": { "line": 34, "column": 6 }, "end": { "line": 46, "column": 8 } },
      "9": { "start": { "line": 43, "column": 26 }, "end": { "line": 43, "column": 27 } },
      "10": { "start": { "line": 51, "column": 2 }, "end": { "line": 51, "column": 25 } },
      "11": {
        "start": { "line": 16, "column": 13 },
        "end": { "line": 16, "column": 37 }
      },
      "12": { "start": { "line": 58, "column": 19 }, "end": { "line": 89, "column": 1 } },
      "13": {
        "start": { "line": 60, "column": 32 },
        "end": { "line": 60, "column": 48 }
      },
      "14": { "start": { "line": 63, "column": 2 }, "end": { "line": 88, "column": 4 } },
      "15": { "start": { "line": 68, "column": 8 }, "end": { "line": 68, "column": 79 } },
      "16": {
        "start": { "line": 71, "column": 8 },
        "end": { "line": 83, "column": null }
      },
      "17": { "start": { "line": 91, "column": 0 }, "end": { "line": 91, "column": 26 } }
    },
    "fnMap": {
      "0": {
        "name": "(anonymous_0)",
        "decl": {
          "start": { "line": 16, "column": 37 },
          "end": { "line": 16, "column": null }
        },
        "loc": {
          "start": { "line": 19, "column": 4 },
          "end": { "line": 52, "column": 1 }
        }
      },
      "1": {
        "name": "(anonymous_1)",
        "decl": {
          "start": { "line": 27, "column": 4 },
          "end": { "line": 27, "column": null }
        },
        "loc": {
          "start": { "line": 30, "column": 8 },
          "end": { "line": 47, "column": 5 }
        }
      },
      "2": {
        "name": "(anonymous_2)",
        "decl": {
          "start": { "line": 43, "column": 19 },
          "end": { "line": 43, "column": 20 }
        },
        "loc": {
          "start": { "line": 43, "column": 26 },
          "end": { "line": 43, "column": 27 }
        }
      },
      "3": {
        "name": "(anonymous_3)",
        "decl": {
          "start": { "line": 58, "column": 19 },
          "end": { "line": 58, "column": 52 }
        },
        "loc": {
          "start": { "line": 62, "column": 25 },
          "end": { "line": 89, "column": 1 }
        }
      },
      "4": {
        "name": "(anonymous_4)",
        "decl": {
          "start": { "line": 60, "column": 19 },
          "end": { "line": 60, "column": 20 }
        },
        "loc": {
          "start": { "line": 60, "column": 32 },
          "end": { "line": 60, "column": 48 }
        }
      },
      "5": {
        "name": "(anonymous_5)",
        "decl": {
          "start": { "line": 67, "column": 20 },
          "end": { "line": 67, "column": 21 }
        },
        "loc": {
          "start": { "line": 68, "column": 8 },
          "end": { "line": 68, "column": 79 }
        }
      },
      "6": {
        "name": "(anonymous_6)",
        "decl": {
          "start": { "line": 70, "column": 19 },
          "end": { "line": 70, "column": 20 }
        },
        "loc": {
          "start": { "line": 71, "column": 8 },
          "end": { "line": 83, "column": null }
        }
      }
    },
    "branchMap": {
      "0": {
        "loc": {
          "start": { "line": 20, "column": 2 },
          "end": { "line": 22, "column": null }
        },
        "type": "if",
        "locations": [
          { "start": { "line": 20, "column": 2 }, "end": { "line": 22, "column": null } }
        ]
      },
      "1": {
        "loc": {
          "start": { "line": 20, "column": 6 },
          "end": { "line": 20, "column": 35 }
        },
        "type": "binary-expr",
        "locations": [
          { "start": { "line": 20, "column": 6 }, "end": { "line": 20, "column": 23 } },
          { "start": { "line": 20, "column": 27 }, "end": { "line": 20, "column": 35 } }
        ]
      },
      "2": {
        "loc": {
          "start": { "line": 31, "column": 25 },
          "end": { "line": 31, "column": 41 }
        },
        "type": "binary-expr",
        "locations": [
          { "start": { "line": 31, "column": 25 }, "end": { "line": 31, "column": 36 } },
          { "start": { "line": 31, "column": 40 }, "end": { "line": 31, "column": 41 } }
        ]
      },
      "3": {
        "loc": {
          "start": { "line": 60, "column": 2 },
          "end": { "line": 60, "column": 59 }
        },
        "type": "default-arg",
        "locations": [
          { "start": { "line": 60, "column": 19 }, "end": { "line": 60, "column": 59 } }
        ]
      },
      "4": {
        "loc": {
          "start": { "line": 60, "column": 32 },
          "end": { "line": 60, "column": 48 }
        },
        "type": "binary-expr",
        "locations": [
          { "start": { "line": 60, "column": 32 }, "end": { "line": 60, "column": 41 } },
          { "start": { "line": 60, "column": 45 }, "end": { "line": 60, "column": 48 } }
        ]
      },
      "5": {
        "loc": {
          "start": { "line": 79, "column": 17 },
          "end": { "line": 79, "column": 86 }
        },
        "type": "cond-expr",
        "locations": [
          { "start": { "line": 79, "column": 33 }, "end": { "line": 79, "column": 79 } },
          { "start": { "line": 79, "column": 82 }, "end": { "line": 79, "column": 86 } }
        ]
      }
    },
    "s": {
      "0": 1,
      "1": 1,
      "2": 1,
      "3": 23,
      "4": 20,
      "5": 3,
      "6": 3,
      "7": 3,
      "8": 3,
      "9": 9,
      "10": 3,
      "11": 1,
      "12": 1,
      "13": 23,
      "14": 6,
      "15": 23,
      "16": 20,
      "17": 1
    },
    "f": { "0": 23, "1": 3, "2": 9, "3": 6, "4": 23, "5": 23, "6": 20 },
    "b": { "0": [20], "1": [23, 3], "2": [3, 3], "3": [6], "4": [23, 0], "5": [0, 20] }
  },
  "C:\\MyProjects\\ui-kit-2022-Honglin\\packages\\ui-kit-components\\src\\components\\Typography\\Typography.tsx": {
    "path": "C:\\MyProjects\\ui-kit-2022-Honglin\\packages\\ui-kit-components\\src\\components\\Typography\\Typography.tsx",
    "statementMap": {
      "0": { "start": { "line": 1, "column": 0 }, "end": { "line": 1, "column": 43 } },
      "1": { "start": { "line": 2, "column": 0 }, "end": { "line": 2, "column": null } },
      "2": { "start": { "line": 8, "column": 23 }, "end": { "line": 19, "column": 2 } },
      "3": { "start": { "line": 21, "column": 22 }, "end": { "line": 31, "column": 2 } },
      "4": { "start": { "line": 33, "column": 22 }, "end": { "line": 47, "column": 1 } },
      "5": { "start": { "line": 34, "column": 22 }, "end": { "line": 34, "column": 88 } },
      "6": { "start": { "line": 35, "column": 2 }, "end": { "line": 46, "column": 4 } },
      "7": { "start": { "line": 53, "column": 19 }, "end": { "line": 63, "column": 1 } },
      "8": { "start": { "line": 54, "column": 15 }, "end": { "line": 54, "column": 17 } },
      "9": {
        "start": { "line": 55, "column": 2 },
        "end": { "line": 57, "column": null }
      },
      "10": { "start": { "line": 56, "column": 4 }, "end": { "line": 56, "column": 78 } },
      "11": { "start": { "line": 58, "column": 2 }, "end": { "line": 62, "column": 4 } },
      "12": { "start": { "line": 65, "column": 0 }, "end": { "line": 65, "column": 26 } }
    },
    "fnMap": {
      "0": {
        "name": "(anonymous_0)",
        "decl": {
          "start": { "line": 33, "column": 22 },
          "end": { "line": 33, "column": 23 }
        },
        "loc": {
          "start": { "line": 33, "column": 39 },
          "end": { "line": 47, "column": 1 }
        }
      },
      "1": {
        "name": "(anonymous_1)",
        "decl": {
          "start": { "line": 53, "column": 19 },
          "end": { "line": 53, "column": 20 }
        },
        "loc": {
          "start": { "line": 53, "column": 76 },
          "end": { "line": 63, "column": 1 }
        }
      }
    },
    "branchMap": {
      "0": {
        "loc": {
          "start": { "line": 55, "column": 2 },
          "end": { "line": 57, "column": null }
        },
        "type": "if",
        "locations": [
          { "start": { "line": 55, "column": 2 }, "end": { "line": 57, "column": null } }
        ]
      },
      "1": {
        "loc": {
          "start": { "line": 56, "column": 13 },
          "end": { "line": 56, "column": 77 }
        },
        "type": "cond-expr",
        "locations": [
          { "start": { "line": 56, "column": 33 }, "end": { "line": 56, "column": 55 } },
          { "start": { "line": 56, "column": 58 }, "end": { "line": 56, "column": 77 } }
        ]
      },
      "2": {
        "loc": {
          "start": { "line": 60, "column": 7 },
          "end": { "line": 60, "column": 32 }
        },
        "type": "cond-expr",
        "locations": [
          { "start": { "line": 60, "column": 17 }, "end": { "line": 60, "column": 21 } },
          { "start": { "line": 60, "column": 24 }, "end": { "line": 60, "column": 32 } }
        ]
      }
    },
    "s": {
      "0": 1,
      "1": 1,
      "2": 1,
      "3": 1,
      "4": 1,
      "5": 1,
      "6": 1,
      "7": 1,
      "8": 12,
      "9": 12,
      "10": 1,
      "11": 12,
      "12": 1
    },
    "f": { "0": 1, "1": 12 },
    "b": { "0": [1], "1": [0, 1], "2": [1, 11] }
  },
  "C:\\MyProjects\\ui-kit-2022-Honglin\\packages\\ui-kit-components\\src\\icons\\index.ts": {
    "path": "C:\\MyProjects\\ui-kit-2022-Honglin\\packages\\ui-kit-components\\src\\icons\\index.ts",
    "statementMap": {
      "0": { "start": { "line": 1, "column": 0 }, "end": { "line": 1, "column": 9 } },
      "1": { "start": { "line": 1, "column": 9 }, "end": { "line": 1, "column": 36 } },
      "2": { "start": { "line": 2, "column": 0 }, "end": { "line": 2, "column": 9 } },
      "3": { "start": { "line": 2, "column": 9 }, "end": { "line": 2, "column": 36 } },
      "4": { "start": { "line": 3, "column": 0 }, "end": { "line": 3, "column": 9 } },
      "5": { "start": { "line": 3, "column": 9 }, "end": { "line": 3, "column": 36 } },
      "6": { "start": { "line": 4, "column": 0 }, "end": { "line": 4, "column": 9 } },
      "7": { "start": { "line": 4, "column": 9 }, "end": { "line": 4, "column": 37 } },
      "8": { "start": { "line": 5, "column": 0 }, "end": { "line": 5, "column": 9 } },
      "9": { "start": { "line": 5, "column": 9 }, "end": { "line": 5, "column": 34 } },
      "10": { "start": { "line": 6, "column": 0 }, "end": { "line": 6, "column": 9 } },
      "11": { "start": { "line": 6, "column": 9 }, "end": { "line": 6, "column": 30 } },
      "12": { "start": { "line": 7, "column": 0 }, "end": { "line": 7, "column": 9 } },
      "13": { "start": { "line": 7, "column": 9 }, "end": { "line": 7, "column": 30 } },
      "14": { "start": { "line": 8, "column": 0 }, "end": { "line": 8, "column": 9 } },
      "15": { "start": { "line": 8, "column": 9 }, "end": { "line": 8, "column": 35 } },
      "16": { "start": { "line": 9, "column": 0 }, "end": { "line": 9, "column": 9 } },
      "17": { "start": { "line": 9, "column": 9 }, "end": { "line": 9, "column": 33 } },
      "18": { "start": { "line": 10, "column": 0 }, "end": { "line": 10, "column": 9 } },
      "19": { "start": { "line": 10, "column": 9 }, "end": { "line": 10, "column": 32 } },
      "20": { "start": { "line": 11, "column": 0 }, "end": { "line": 11, "column": 9 } },
      "21": { "start": { "line": 11, "column": 9 }, "end": { "line": 11, "column": 38 } },
      "22": { "start": { "line": 12, "column": 0 }, "end": { "line": 12, "column": 9 } },
      "23": { "start": { "line": 12, "column": 9 }, "end": { "line": 12, "column": 38 } },
      "24": { "start": { "line": 13, "column": 0 }, "end": { "line": 13, "column": 9 } },
      "25": { "start": { "line": 13, "column": 9 }, "end": { "line": 13, "column": 39 } },
      "26": { "start": { "line": 14, "column": 0 }, "end": { "line": 14, "column": 9 } },
      "27": { "start": { "line": 14, "column": 9 }, "end": { "line": 14, "column": 36 } },
      "28": { "start": { "line": 15, "column": 0 }, "end": { "line": 15, "column": 9 } },
      "29": { "start": { "line": 15, "column": 9 }, "end": { "line": 15, "column": 32 } },
      "30": { "start": { "line": 16, "column": 0 }, "end": { "line": 16, "column": 9 } },
      "31": { "start": { "line": 16, "column": 9 }, "end": { "line": 16, "column": 30 } },
      "32": { "start": { "line": 17, "column": 0 }, "end": { "line": 17, "column": 9 } },
      "33": { "start": { "line": 17, "column": 9 }, "end": { "line": 17, "column": 31 } },
      "34": { "start": { "line": 18, "column": 0 }, "end": { "line": 18, "column": 9 } },
      "35": { "start": { "line": 18, "column": 9 }, "end": { "line": 18, "column": 35 } },
      "36": { "start": { "line": 19, "column": 0 }, "end": { "line": 19, "column": 9 } },
      "37": { "start": { "line": 19, "column": 9 }, "end": { "line": 19, "column": 31 } },
      "38": { "start": { "line": 20, "column": 0 }, "end": { "line": 20, "column": 9 } },
      "39": { "start": { "line": 20, "column": 9 }, "end": { "line": 20, "column": 33 } },
      "40": { "start": { "line": 21, "column": 0 }, "end": { "line": 21, "column": 9 } },
      "41": { "start": { "line": 21, "column": 9 }, "end": { "line": 21, "column": 33 } },
      "42": { "start": { "line": 22, "column": 0 }, "end": { "line": 22, "column": 9 } },
      "43": { "start": { "line": 22, "column": 9 }, "end": { "line": 22, "column": 31 } },
      "44": { "start": { "line": 23, "column": 0 }, "end": { "line": 23, "column": 9 } },
      "45": { "start": { "line": 23, "column": 9 }, "end": { "line": 23, "column": 31 } },
      "46": { "start": { "line": 24, "column": 0 }, "end": { "line": 24, "column": 9 } },
      "47": { "start": { "line": 24, "column": 9 }, "end": { "line": 24, "column": 31 } },
      "48": { "start": { "line": 25, "column": 0 }, "end": { "line": 25, "column": 9 } },
      "49": { "start": { "line": 25, "column": 9 }, "end": { "line": 25, "column": 39 } },
      "50": { "start": { "line": 26, "column": 0 }, "end": { "line": 26, "column": 9 } },
      "51": { "start": { "line": 26, "column": 9 }, "end": { "line": 26, "column": 31 } },
      "52": { "start": { "line": 27, "column": 0 }, "end": { "line": 27, "column": 9 } },
      "53": { "start": { "line": 27, "column": 9 }, "end": { "line": 27, "column": 34 } },
      "54": { "start": { "line": 28, "column": 0 }, "end": { "line": 28, "column": 9 } },
      "55": { "start": { "line": 28, "column": 9 }, "end": { "line": 28, "column": 33 } },
      "56": { "start": { "line": 29, "column": 0 }, "end": { "line": 29, "column": 9 } },
      "57": { "start": { "line": 29, "column": 9 }, "end": { "line": 29, "column": 35 } },
      "58": { "start": { "line": 30, "column": 0 }, "end": { "line": 30, "column": 9 } },
      "59": { "start": { "line": 30, "column": 9 }, "end": { "line": 30, "column": 31 } },
      "60": { "start": { "line": 31, "column": 0 }, "end": { "line": 31, "column": 9 } },
      "61": { "start": { "line": 31, "column": 9 }, "end": { "line": 31, "column": 36 } },
      "62": { "start": { "line": 32, "column": 0 }, "end": { "line": 32, "column": 9 } },
      "63": { "start": { "line": 32, "column": 9 }, "end": { "line": 32, "column": 32 } },
      "64": { "start": { "line": 33, "column": 0 }, "end": { "line": 33, "column": 9 } },
      "65": { "start": { "line": 33, "column": 9 }, "end": { "line": 33, "column": 32 } },
      "66": { "start": { "line": 34, "column": 0 }, "end": { "line": 34, "column": 9 } },
      "67": { "start": { "line": 34, "column": 9 }, "end": { "line": 34, "column": 33 } },
      "68": { "start": { "line": 35, "column": 0 }, "end": { "line": 35, "column": 9 } },
      "69": { "start": { "line": 35, "column": 9 }, "end": { "line": 35, "column": 31 } }
    },
    "fnMap": {
      "0": {
        "name": "(anonymous_0)",
        "decl": {
          "start": { "line": 1, "column": 9 },
          "end": { "line": 1, "column": 23 }
        },
        "loc": { "start": { "line": 1, "column": 9 }, "end": { "line": 1, "column": 36 } }
      },
      "1": {
        "name": "(anonymous_1)",
        "decl": {
          "start": { "line": 2, "column": 9 },
          "end": { "line": 2, "column": 23 }
        },
        "loc": { "start": { "line": 2, "column": 9 }, "end": { "line": 2, "column": 36 } }
      },
      "2": {
        "name": "(anonymous_2)",
        "decl": {
          "start": { "line": 3, "column": 9 },
          "end": { "line": 3, "column": 23 }
        },
        "loc": { "start": { "line": 3, "column": 9 }, "end": { "line": 3, "column": 36 } }
      },
      "3": {
        "name": "(anonymous_3)",
        "decl": {
          "start": { "line": 4, "column": 9 },
          "end": { "line": 4, "column": 23 }
        },
        "loc": { "start": { "line": 4, "column": 9 }, "end": { "line": 4, "column": 37 } }
      },
      "4": {
        "name": "(anonymous_4)",
        "decl": {
          "start": { "line": 5, "column": 9 },
          "end": { "line": 5, "column": 23 }
        },
        "loc": { "start": { "line": 5, "column": 9 }, "end": { "line": 5, "column": 34 } }
      },
      "5": {
        "name": "(anonymous_5)",
        "decl": {
          "start": { "line": 6, "column": 9 },
          "end": { "line": 6, "column": 23 }
        },
        "loc": { "start": { "line": 6, "column": 9 }, "end": { "line": 6, "column": 30 } }
      },
      "6": {
        "name": "(anonymous_6)",
        "decl": {
          "start": { "line": 7, "column": 9 },
          "end": { "line": 7, "column": 23 }
        },
        "loc": { "start": { "line": 7, "column": 9 }, "end": { "line": 7, "column": 30 } }
      },
      "7": {
        "name": "(anonymous_7)",
        "decl": {
          "start": { "line": 8, "column": 9 },
          "end": { "line": 8, "column": 23 }
        },
        "loc": { "start": { "line": 8, "column": 9 }, "end": { "line": 8, "column": 35 } }
      },
      "8": {
        "name": "(anonymous_8)",
        "decl": {
          "start": { "line": 9, "column": 9 },
          "end": { "line": 9, "column": 23 }
        },
        "loc": { "start": { "line": 9, "column": 9 }, "end": { "line": 9, "column": 33 } }
      },
      "9": {
        "name": "(anonymous_9)",
        "decl": {
          "start": { "line": 10, "column": 9 },
          "end": { "line": 10, "column": 23 }
        },
        "loc": {
          "start": { "line": 10, "column": 9 },
          "end": { "line": 10, "column": 32 }
        }
      },
      "10": {
        "name": "(anonymous_10)",
        "decl": {
[...]
    "hash": "2694736fdc4a72e97d58f14c3177326354ae8563"
  },
  "C:\\MyProjects\\ui-kit-2022-Honglin\\packages\\ui-kit-components\\src\\icons\\images\\ArrowDownIcon.svg": {
    "path": "C:\\MyProjects\\ui-kit-2022-Honglin\\packages\\ui-kit-components\\src\\icons\\images\\ArrowDownIcon.svg",
    "statementMap": {
      "0": { "start": { "line": 1, "column": 0 }, "end": { "line": 1, "column": 19 } }
    },
    "fnMap": {},
    "branchMap": {},
    "s": { "0": 3 },
    "f": {},
    "b": {},
    "_coverageSchema": "1a1c01bbd47fc00a2c39e90264f33305004495a9",
    "hash": "0536ac4e2802fc340d7f32d7bfd4acbb1b894748"
  },
  "C:\\MyProjects\\ui-kit-2022-Honglin\\packages\\ui-kit-components\\src\\icons\\images\\ArrowLeftIcon.svg": {
    "path": "C:\\MyProjects\\ui-kit-2022-Honglin\\packages\\ui-kit-components\\src\\icons\\images\\ArrowLeftIcon.svg",
    "statementMap": {
      "0": { "start": { "line": 1, "column": 0 }, "end": { "line": 1, "column": 19 } }
    },
    "fnMap": {},
    "branchMap": {},
    "s": { "0": 3 },
    "f": {},
    "b": {},
    "_coverageSchema": "1a1c01bbd47fc00a2c39e90264f33305004495a9",
    "hash": "ab8c56225929cf53eb28a430c7e741575fc19759"
  },
  "C:\\MyProjects\\ui-kit-2022-Honglin\\packages\\ui-kit-components\\src\\icons\\images\\ArrowRightIcon.svg": {
    "path": "C:\\MyProjects\\ui-kit-2022-Honglin\\packages\\ui-kit-components\\src\\icons\\images\\ArrowRightIcon.svg",
    "statementMap": {
      "0": { "start": { "line": 1, "column": 0 }, "end": { "line": 1, "column": 19 } }
    },
    "fnMap": {},
    "branchMap": {},
    "s": { "0": 3 },
    "f": {},
    "b": {},
    "_coverageSchema": "1a1c01bbd47fc00a2c39e90264f33305004495a9",
    "hash": "4d5994b6d9613e9ac293f4aec8eb9dd55d56fc71"
  },
  "C:\\MyProjects\\ui-kit-2022-Honglin\\packages\\ui-kit-components\\src\\icons\\images\\ArrowUpIcon.svg": {
    "path": "C:\\MyProjects\\ui-kit-2022-Honglin\\packages\\ui-kit-components\\src\\icons\\images\\ArrowUpIcon.svg",
    "statementMap": {
      "0": { "start": { "line": 1, "column": 0 }, "end": { "line": 1, "column": 19 } }
    },
    "fnMap": {},
    "branchMap": {},
    "s": { "0": 3 },
    "f": {},
    "b": {},
    "_coverageSchema": "1a1c01bbd47fc00a2c39e90264f33305004495a9",
    "hash": "ab7559780de8ac02fe176d990155398a2830b56f"
  },
  "C:\\MyProjects\\ui-kit-2022-Honglin\\packages\\ui-kit-components\\src\\icons\\images\\BanIcon.svg": {
    "path": "C:\\MyProjects\\ui-kit-2022-Honglin\\packages\\ui-kit-components\\src\\icons\\images\\BanIcon.svg",
    "statementMap": {
      "0": { "start": { "line": 1, "column": 0 }, "end": { "line": 1, "column": 19 } }
    },
    "fnMap": {},
    "branchMap": {},
    "s": { "0": 3 },
    "f": {},
    "b": {},
    "_coverageSchema": "1a1c01bbd47fc00a2c39e90264f33305004495a9",
    "hash": "064c10e4d019279c75c24dcbe3a8c75927dd95ce"
  },
  "C:\\MyProjects\\ui-kit-2022-Honglin\\packages\\ui-kit-components\\src\\icons\\images\\BarIcon.svg": {
    "path": "C:\\MyProjects\\ui-kit-2022-Honglin\\packages\\ui-kit-components\\src\\icons\\images\\BarIcon.svg",
    "statementMap": {
      "0": { "start": { "line": 1, "column": 0 }, "end": { "line": 1, "column": 19 } }
    },
    "fnMap": {},
    "branchMap": {},
    "s": { "0": 3 },
    "f": {},
    "b": {},
    "_coverageSchema": "1a1c01bbd47fc00a2c39e90264f33305004495a9",
    "hash": "4f9af6ab7d8fec12c3d9d7db31a5c934d020d189"
  },
  "C:\\MyProjects\\ui-kit-2022-Honglin\\packages\\ui-kit-components\\src\\icons\\images\\CalendarIcon.svg": {
    "path": "C:\\MyProjects\\ui-kit-2022-Honglin\\packages\\ui-kit-components\\src\\icons\\images\\CalendarIcon.svg",
    "statementMap": {
      "0": { "start": { "line": 1, "column": 0 }, "end": { "line": 1, "column": 19 } }
    },
    "fnMap": {},
    "branchMap": {},
    "s": { "0": 3 },
    "f": {},
    "b": {},
    "_coverageSchema": "1a1c01bbd47fc00a2c39e90264f33305004495a9",
    "hash": "d4190b05e440dbfdd1d172f266c3e1f7ff1d1448"
  },
  "C:\\MyProjects\\ui-kit-2022-Honglin\\packages\\ui-kit-components\\src\\icons\\images\\CandleIcon.svg": {
    "path": "C:\\MyProjects\\ui-kit-2022-Honglin\\packages\\ui-kit-components\\src\\icons\\images\\CandleIcon.svg",
    "statementMap": {
      "0": { "start": { "line": 1, "column": 0 }, "end": { "line": 1, "column": 19 } }
    },
    "fnMap": {},
    "branchMap": {},
    "s": { "0": 3 },
    "f": {},
    "b": {},
    "_coverageSchema": "1a1c01bbd47fc00a2c39e90264f33305004495a9",
    "hash": "a33f39f5fab4cb44f123a5d28338bb3db4f8b598"
  },
  "C:\\MyProjects\\ui-kit-2022-Honglin\\packages\\ui-kit-components\\src\\icons\\images\\CheckIcon.svg": {
    "path": "C:\\MyProjects\\ui-kit-2022-Honglin\\packages\\ui-kit-components\\src\\icons\\images\\CheckIcon.svg",
    "statementMap": {
      "0": { "start": { "line": 1, "column": 0 }, "end": { "line": 1, "column": 19 } }
    },
    "fnMap": {},
    "branchMap": {},
    "s": { "0": 3 },
    "f": {},
    "b": {},
    "_coverageSchema": "1a1c01bbd47fc00a2c39e90264f33305004495a9",
    "hash": "1fd0b950b25ce097e36ae771550c1bcba975d6c5"
  },
  "C:\\MyProjects\\ui-kit-2022-Honglin\\packages\\ui-kit-components\\src\\icons\\images\\ChevronDownIcon.svg": {
    "path": "C:\\MyProjects\\ui-kit-2022-Honglin\\packages\\ui-kit-components\\src\\icons\\images\\ChevronDownIcon.svg",
    "statementMap": {
      "0": { "start": { "line": 1, "column": 0 }, "end": { "line": 1, "column": 19 } }
    },
    "fnMap": {},
    "branchMap": {},
    "s": { "0": 3 },
    "f": {},
    "b": {},
    "_coverageSchema": "1a1c01bbd47fc00a2c39e90264f33305004495a9",
    "hash": "8d85980ddd6f784aaf748daee54966931c7c1bc4"
  },
  "C:\\MyProjects\\ui-kit-2022-Honglin\\packages\\ui-kit-components\\src\\icons\\images\\ChevronLeftIcon.svg": {
    "path": "C:\\MyProjects\\ui-kit-2022-Honglin\\packages\\ui-kit-components\\src\\icons\\images\\ChevronLeftIcon.svg",
    "statementMap": {
      "0": { "start": { "line": 1, "column": 0 }, "end": { "line": 1, "column": 19 } }
    },
    "fnMap": {},
    "branchMap": {},
    "s": { "0": 3 },
    "f": {},
    "b": {},
    "_coverageSchema": "1a1c01bbd47fc00a2c39e90264f33305004495a9",
    "hash": "8d9158590afe9899cb0fb73e976f5de74dcae11d"
  },
  "C:\\MyProjects\\ui-kit-2022-Honglin\\packages\\ui-kit-components\\src\\icons\\images\\ChevronRightIcon.svg": {
    "path": "C:\\MyProjects\\ui-kit-2022-Honglin\\packages\\ui-kit-components\\src\\icons\\images\\ChevronRightIcon.svg",
    "statementMap": {
      "0": { "start": { "line": 1, "column": 0 }, "end": { "line": 1, "column": 19 } }
    },
    "fnMap": {},
    "branchMap": {},
    "s": { "0": 3 },
    "f": {},
    "b": {},
    "_coverageSchema": "1a1c01bbd47fc00a2c39e90264f33305004495a9",
    "hash": "2455831cfc2c72d5922eb878ae1e871ce97dbe05"
  },
  "C:\\MyProjects\\ui-kit-2022-Honglin\\packages\\ui-kit-components\\src\\icons\\images\\ChevronUpIcon.svg": {
    "path": "C:\\MyProjects\\ui-kit-2022-Honglin\\packages\\ui-kit-components\\src\\icons\\images\\ChevronUpIcon.svg",
    "statementMap": {
      "0": { "start": { "line": 1, "column": 0 }, "end": { "line": 1, "column": 19 } }
    },
    "fnMap": {},
    "branchMap": {},
    "s": { "0": 3 },
    "f": {},
    "b": {},
    "_coverageSchema": "1a1c01bbd47fc00a2c39e90264f33305004495a9",
    "hash": "bc1c3980ca351f8a4be3c5fc2edad046bd5433d9"
  },
  "C:\\MyProjects\\ui-kit-2022-Honglin\\packages\\ui-kit-components\\src\\icons\\images\\CloseIcon.svg": {
    "path": "C:\\MyProjects\\ui-kit-2022-Honglin\\packages\\ui-kit-components\\src\\icons\\images\\CloseIcon.svg",
    "statementMap": {
      "0": { "start": { "line": 1, "column": 0 }, "end": { "line": 1, "column": 19 } }
    },
    "fnMap": {},
    "branchMap": {},
    "s": { "0": 3 },
    "f": {},
    "b": {},
    "_coverageSchema": "1a1c01bbd47fc00a2c39e90264f33305004495a9",
    "hash": "800b2249800569b578d85636bd57baba72688213"
  },
  "C:\\MyProjects\\ui-kit-2022-Honglin\\packages\\ui-kit-components\\src\\icons\\images\\CogIcon.svg": {
    "path": "C:\\MyProjects\\ui-kit-2022-Honglin\\packages\\ui-kit-components\\src\\icons\\images\\CogIcon.svg",
    "statementMap": {
      "0": { "start": { "line": 1, "column": 0 }, "end": { "line": 1, "column": 19 } }
    },
    "fnMap": {},
    "branchMap": {},
    "s": { "0": 3 },
    "f": {},
    "b": {},
    "_coverageSchema": "1a1c01bbd47fc00a2c39e90264f33305004495a9",
    "hash": "c9f17fc9257fb8ba80895e40d2946b3d0dd37e33"
  },
  "C:\\MyProjects\\ui-kit-2022-Honglin\\packages\\ui-kit-components\\src\\icons\\images\\DotsIcon.svg": {
    "path": "C:\\MyProjects\\ui-kit-2022-Honglin\\packages\\ui-kit-components\\src\\icons\\images\\DotsIcon.svg",
    "statementMap": {
      "0": { "start": { "line": 1, "column": 0 }, "end": { "line": 1, "column": 19 } }
    },
    "fnMap": {},
    "branchMap": {},
    "s": { "0": 3 },
    "f": {},
    "b": {},
    "_coverageSchema": "1a1c01bbd47fc00a2c39e90264f33305004495a9",
    "hash": "7d83b8ff965d75ea06a882496e9a96ed41bc2f9c"
  },
  "C:\\MyProjects\\ui-kit-2022-Honglin\\packages\\ui-kit-components\\src\\icons\\images\\DownloadIcon.svg": {
    "path": "C:\\MyProjects\\ui-kit-2022-Honglin\\packages\\ui-kit-components\\src\\icons\\images\\DownloadIcon.svg",
    "statementMap": {
      "0": { "start": { "line": 1, "column": 0 }, "end": { "line": 1, "column": 19 } }
    },
    "fnMap": {},
    "branchMap": {},
    "s": { "0": 3 },
    "f": {},
    "b": {},
    "_coverageSchema": "1a1c01bbd47fc00a2c39e90264f33305004495a9",
    "hash": "6aeb5650c5fd57115f4b4d200d11e80d616e04df"
  },
  "C:\\MyProjects\\ui-kit-2022-Honglin\\packages\\ui-kit-components\\src\\icons\\images\\EditIcon.svg": {
    "path": "C:\\MyProjects\\ui-kit-2022-Honglin\\packages\\ui-kit-components\\src\\icons\\images\\EditIcon.svg",
    "statementMap": {
      "0": { "start": { "line": 1, "column": 0 }, "end": { "line": 1, "column": 19 } }
    },
    "fnMap": {},
    "branchMap": {},
    "s": { "0": 3 },
    "f": {},
    "b": {},
    "_coverageSchema": "1a1c01bbd47fc00a2c39e90264f33305004495a9",
    "hash": "66ecde2c9f5eb3dc8cac215255f03aaeb4beaa34"
  },
  "C:\\MyProjects\\ui-kit-2022-Honglin\\packages\\ui-kit-components\\src\\icons\\images\\FilterIcon.svg": {
    "path": "C:\\MyProjects\\ui-kit-2022-Honglin\\packages\\ui-kit-components\\src\\icons\\images\\FilterIcon.svg",
    "statementMap": {
      "0": { "start": { "line": 1, "column": 0 }, "end": { "line": 1, "column": 19 } }
    },
    "fnMap": {},
    "branchMap": {},
    "s": { "0": 3 },
    "f": {},
    "b": {},
    "_coverageSchema": "1a1c01bbd47fc00a2c39e90264f33305004495a9",
    "hash": "b79dbfead13033299d3c1560bc51f79cdca2ec9c"
  },
  "C:\\MyProjects\\ui-kit-2022-Honglin\\packages\\ui-kit-components\\src\\icons\\images\\GroupsIcon.svg": {
    "path": "C:\\MyProjects\\ui-kit-2022-Honglin\\packages\\ui-kit-components\\src\\icons\\images\\GroupsIcon.svg",
    "statementMap": {
      "0": { "start": { "line": 1, "column": 0 }, "end": { "line": 1, "column": 19 } }
    },
    "fnMap": {},
    "branchMap": {},
    "s": { "0": 3 },
    "f": {},
    "b": {},
    "_coverageSchema": "1a1c01bbd47fc00a2c39e90264f33305004495a9",
    "hash": "6756cbe952ce78939e074bce4a8d1046522325ff"
  },
  "C:\\MyProjects\\ui-kit-2022-Honglin\\packages\\ui-kit-components\\src\\icons\\images\\InfoIcon.svg": {
    "path": "C:\\MyProjects\\ui-kit-2022-Honglin\\packages\\ui-kit-components\\src\\icons\\images\\InfoIcon.svg",
    "statementMap": {
      "0": { "start": { "line": 1, "column": 0 }, "end": { "line": 1, "column": 19 } }
    },
    "fnMap": {},
    "branchMap": {},
    "s": { "0": 3 },
    "f": {},
    "b": {},
    "_coverageSchema": "1a1c01bbd47fc00a2c39e90264f33305004495a9",
    "hash": "66fb0b667eeab75629918c68cee066aba3ec1c48"
  },
  "C:\\MyProjects\\ui-kit-2022-Honglin\\packages\\ui-kit-components\\src\\icons\\images\\LineIcon.svg": {
    "path": "C:\\MyProjects\\ui-kit-2022-Honglin\\packages\\ui-kit-components\\src\\icons\\images\\LineIcon.svg",
    "statementMap": {
      "0": { "start": { "line": 1, "column": 0 }, "end": { "line": 1, "column": 19 } }
    },
    "fnMap": {},
    "branchMap": {},
    "s": { "0": 3 },
    "f": {},
    "b": {},
    "_coverageSchema": "1a1c01bbd47fc00a2c39e90264f33305004495a9",
    "hash": "8801eb34dbc57bbf373c08e2541edc4978120095"
  },
  "C:\\MyProjects\\ui-kit-2022-Honglin\\packages\\ui-kit-components\\src\\icons\\images\\LockIcon.svg": {
    "path": "C:\\MyProjects\\ui-kit-2022-Honglin\\packages\\ui-kit-components\\src\\icons\\images\\LockIcon.svg",
    "statementMap": {
      "0": { "start": { "line": 1, "column": 0 }, "end": { "line": 1, "column": 19 } }
    },
    "fnMap": {},
    "branchMap": {},
    "s": { "0": 3 },
    "f": {},
    "b": {},
    "_coverageSchema": "1a1c01bbd47fc00a2c39e90264f33305004495a9",
    "hash": "11ce3ca8b7c867ef44980ec2133da3de1daf3fd6"
  },
  "C:\\MyProjects\\ui-kit-2022-Honglin\\packages\\ui-kit-components\\src\\icons\\images\\NotificationIcon.svg": {
    "path": "C:\\MyProjects\\ui-kit-2022-Honglin\\packages\\ui-kit-components\\src\\icons\\images\\NotificationIcon.svg",
    "statementMap": {
      "0": { "start": { "line": 1, "column": 0 }, "end": { "line": 1, "column": 19 } }
    },
    "fnMap": {},
    "branchMap": {},
    "s": { "0": 3 },
    "f": {},
    "b": {},
    "_coverageSchema": "1a1c01bbd47fc00a2c39e90264f33305004495a9",
    "hash": "8421b20834b087abcd901400a778ffd938af6012"
  },
  "C:\\MyProjects\\ui-kit-2022-Honglin\\packages\\ui-kit-components\\src\\icons\\images\\PlusIcon.svg": {
    "path": "C:\\MyProjects\\ui-kit-2022-Honglin\\packages\\ui-kit-components\\src\\icons\\images\\PlusIcon.svg",
    "statementMap": {
      "0": { "start": { "line": 1, "column": 0 }, "end": { "line": 1, "column": 19 } }
    },
    "fnMap": {},
    "branchMap": {},
    "s": { "0": 3 },
    "f": {},
    "b": {},
    "_coverageSchema": "1a1c01bbd47fc00a2c39e90264f33305004495a9",
    "hash": "c159d4d79821dc5023067fdea5fa0bdf420137c1"
  },
  "C:\\MyProjects\\ui-kit-2022-Honglin\\packages\\ui-kit-components\\src\\icons\\images\\RefreshIcon.svg": {
    "path": "C:\\MyProjects\\ui-kit-2022-Honglin\\packages\\ui-kit-components\\src\\icons\\images\\RefreshIcon.svg",
    "statementMap": {
      "0": { "start": { "line": 1, "column": 0 }, "end": { "line": 1, "column": 19 } }
    },
    "fnMap": {},
    "branchMap": {},
    "s": { "0": 3 },
    "f": {},
    "b": {},
    "_coverageSchema": "1a1c01bbd47fc00a2c39e90264f33305004495a9",
    "hash": "1aaac9b330197fc0934ca444c2538d3864a1bab1"
  },
  "C:\\MyProjects\\ui-kit-2022-Honglin\\packages\\ui-kit-components\\src\\icons\\images\\SearchIcon.svg": {
    "path": "C:\\MyProjects\\ui-kit-2022-Honglin\\packages\\ui-kit-components\\src\\icons\\images\\SearchIcon.svg",
    "statementMap": {
      "0": { "start": { "line": 1, "column": 0 }, "end": { "line": 1, "column": 19 } }
    },
    "fnMap": {},
    "branchMap": {},
    "s": { "0": 3 },
    "f": {},
    "b": {},
    "_coverageSchema": "1a1c01bbd47fc00a2c39e90264f33305004495a9",
    "hash": "95424673b85290093e9142243615449fd1d43dcb"
  },
  "C:\\MyProjects\\ui-kit-2022-Honglin\\packages\\ui-kit-components\\src\\icons\\images\\SettingsIcon.svg": {
    "path": "C:\\MyProjects\\ui-kit-2022-Honglin\\packages\\ui-kit-components\\src\\icons\\images\\SettingsIcon.svg",
    "statementMap": {
      "0": { "start": { "line": 1, "column": 0 }, "end": { "line": 1, "column": 19 } }
    },
    "fnMap": {},
    "branchMap": {},
    "s": { "0": 3 },
    "f": {},
    "b": {},
    "_coverageSchema": "1a1c01bbd47fc00a2c39e90264f33305004495a9",
    "hash": "b702f5a529eee7fe6270b03096704a1d257224e3"
  },
  "C:\\MyProjects\\ui-kit-2022-Honglin\\packages\\ui-kit-components\\src\\icons\\images\\StopIcon.svg": {
    "path": "C:\\MyProjects\\ui-kit-2022-Honglin\\packages\\ui-kit-components\\src\\icons\\images\\StopIcon.svg",
    "statementMap": {
      "0": { "start": { "line": 1, "column": 0 }, "end": { "line": 1, "column": 19 } }
    },
    "fnMap": {},
    "branchMap": {},
    "s": { "0": 3 },
    "f": {},
    "b": {},
    "_coverageSchema": "1a1c01bbd47fc00a2c39e90264f33305004495a9",
    "hash": "855b68574722c1ff8fb503f4e404e8ef2b7af39c"
  },
  "C:\\MyProjects\\ui-kit-2022-Honglin\\packages\\ui-kit-components\\src\\icons\\images\\ThumbDownIcon.svg": {
    "path": "C:\\MyProjects\\ui-kit-2022-Honglin\\packages\\ui-kit-components\\src\\icons\\images\\ThumbDownIcon.svg",
    "statementMap": {
      "0": { "start": { "line": 1, "column": 0 }, "end": { "line": 1, "column": 19 } }
    },
    "fnMap": {},
    "branchMap": {},
    "s": { "0": 3 },
    "f": {},
    "b": {},
    "_coverageSchema": "1a1c01bbd47fc00a2c39e90264f33305004495a9",
    "hash": "42146530549b86703c99f1f5ad1d2be9dc47c9c5"
  },
  "C:\\MyProjects\\ui-kit-2022-Honglin\\packages\\ui-kit-components\\src\\icons\\images\\TimerIcon.svg": {
    "path": "C:\\MyProjects\\ui-kit-2022-Honglin\\packages\\ui-kit-components\\src\\icons\\images\\TimerIcon.svg",
    "statementMap": {
      "0": { "start": { "line": 1, "column": 0 }, "end": { "line": 1, "column": 19 } }
    },
    "fnMap": {},
    "branchMap": {},
    "s": { "0": 3 },
    "f": {},
    "b": {},
    "_coverageSchema": "1a1c01bbd47fc00a2c39e90264f33305004495a9",
    "hash": "0a6a9cf017f47b8a96e6958ed6f4eef850170fbf"
  },
  "C:\\MyProjects\\ui-kit-2022-Honglin\\packages\\ui-kit-components\\src\\icons\\images\\TrashIcon.svg": {
    "path": "C:\\MyProjects\\ui-kit-2022-Honglin\\packages\\ui-kit-components\\src\\icons\\images\\TrashIcon.svg",
    "statementMap": {
      "0": { "start": { "line": 1, "column": 0 }, "end": { "line": 1, "column": 19 } }
    },
    "fnMap": {},
    "branchMap": {},
    "s": { "0": 3 },
    "f": {},
    "b": {},
    "_coverageSchema": "1a1c01bbd47fc00a2c39e90264f33305004495a9",
    "hash": "3766ddadc8755563963988667f19f209269e84c8"
  },
  "C:\\MyProjects\\ui-kit-2022-Honglin\\packages\\ui-kit-components\\src\\icons\\images\\UploadIcon.svg": {
    "path": "C:\\MyProjects\\ui-kit-2022-Honglin\\packages\\ui-kit-components\\src\\icons\\images\\UploadIcon.svg",
    "statementMap": {
      "0": { "start": { "line": 1, "column": 0 }, "end": { "line": 1, "column": 19 } }
    },
    "fnMap": {},
    "branchMap": {},
    "s": { "0": 3 },
    "f": {},
    "b": {},
    "_coverageSchema": "1a1c01bbd47fc00a2c39e90264f33305004495a9",
    "hash": "d94e290682d48637ffaf4bb15ad95fb7f9be3cb5"
  },
  "C:\\MyProjects\\ui-kit-2022-Honglin\\packages\\ui-kit-components\\src\\icons\\images\\ViewIcon.svg": {
    "path": "C:\\MyProjects\\ui-kit-2022-Honglin\\packages\\ui-kit-components\\src\\icons\\images\\ViewIcon.svg",
    "statementMap": {
      "0": { "start": { "line": 1, "column": 0 }, "end": { "line": 1, "column": 19 } }
    },
    "fnMap": {},
    "branchMap": {},
    "s": { "0": 3 },
    "f": {},
    "b": {},
    "_coverageSchema": "1a1c01bbd47fc00a2c39e90264f33305004495a9",
    "hash": "3a6e9a58cefbc9172e6da6d2a123c4f9f2de6eea"
  },
  "C:\\MyProjects\\ui-kit-2022-Honglin\\packages\\ui-kit-components\\src\\utils\\useIsDarkMode.tsx": {
    "path": "C:\\MyProjects\\ui-kit-2022-Honglin\\packages\\ui-kit-components\\src\\utils\\useIsDarkMode.tsx",
    "statementMap": {
      "0": { "start": { "line": 1, "column": 0 }, "end": { "line": 1, "column": 41 } },
      "1": { "start": { "line": 3, "column": 22 }, "end": { "line": 7, "column": 1 } },
      "2": { "start": { "line": 4, "column": 22 }, "end": { "line": 4, "column": 32 } },
      "3": { "start": { "line": 6, "column": 2 }, "end": { "line": 6, "column": 33 } },
      "4": { "start": { "line": 9, "column": 0 }, "end": { "line": 9, "column": 29 } }
    },
    "fnMap": {
      "0": {
        "name": "(anonymous_0)",
        "decl": {
          "start": { "line": 3, "column": 22 },
          "end": { "line": 3, "column": 25 }
        },
        "loc": { "start": { "line": 3, "column": 27 }, "end": { "line": 7, "column": 1 } }
      }
    },
    "branchMap": {},
    "s": { "0": 1, "1": 1, "2": 2, "3": 2, "4": 1 },
    "f": { "0": 2 },
    "b": {}
  }
}
