TN:
SF:src\components\Branding\Logo\Logo.tsx
FN:15,(anonymous_0)
FNF:1
FNH:1
FNDA:3,(anonymous_0)
DA:1,1
DA:3,1
DA:15,1
DA:16,3
DA:17,3
DA:19,3
DA:21,1
DA:23,1
DA:25,1
DA:29,1
LF:10
LH:10
BRDA:17,0,0,0
BRDA:17,0,1,3
BRDA:19,1,0,1
BRDA:19,1,1,1
BRDA:19,1,2,1
BRF:5
BRH:4
end_of_record
TN:
SF:src\components\Branding\LogoBrand\LogoBrand.tsx
FN:10,(anonymous_0)
FNF:1
FNH:1
FNDA:9,(anonymous_0)
DA:1,2
DA:3,2
DA:10,2
DA:11,9
DA:12,9
DA:14,9
DA:17,2
LF:7
LH:7
BRDA:10,0,0,7
BRDA:10,1,0,7
BRDA:12,2,0,0
BRDA:12,2,1,9
BRF:4
BRH:3
end_of_record
TN:
SF:src\components\Branding\LogoText\LogoText.tsx
FN:10,(anonymous_0)
FNF:1
FNH:1
FNDA:9,(anonymous_0)
DA:1,2
DA:3,2
DA:10,2
DA:11,9
DA:12,9
DA:14,9
DA:17,2
LF:7
LH:7
BRDA:10,0,0,7
BRDA:10,1,0,7
BRDA:12,2,0,0
BRDA:12,2,1,9
BRF:4
BRH:3
end_of_record
TN:
SF:src\components\Button\button.tsx
FN:15,(anonymous_0)
FNF:1
FNH:1
FNDA:8,(anonymous_0)
DA:1,1
DA:4,1
DA:15,1
DA:22,8
DA:23,1
DA:42,7
DA:43,1
DA:64,6
DA:77,1
LF:9
LH:9
BRDA:16,0,0,8
BRDA:17,1,0,8
BRDA:18,2,0,0
BRDA:22,3,0,1
BRDA:22,3,1,7
BRDA:42,4,0,1
BRF:6
BRH:5
end_of_record
TN:
SF:src\components\Graph\line-utils.ts
FN:18,registerPlugins
FN:33,(anonymous_1)
FN:35,(anonymous_2)
FN:44,(anonymous_3)
FN:50,(anonymous_4)
FN:84,(anonymous_5)
FN:90,(anonymous_6)
FN:91,(anonymous_7)
FN:113,(anonymous_8)
FNF:9
FNH:8
FNDA:0,registerPlugins
FNDA:5,(anonymous_1)
FNDA:31,(anonymous_2)
FNDA:4,(anonymous_3)
FNDA:22,(anonymous_4)
FNDA:3,(anonymous_5)
FNDA:13,(anonymous_6)
FNDA:8,(anonymous_7)
FNDA:2,(anonymous_8)
DA:1,1
DA:2,1
DA:13,1
DA:14,1
DA:18,1
DA:19,0
DA:33,1
DA:34,5
DA:35,5
DA:36,31
DA:38,31
DA:40,31
DA:44,1
DA:49,4
DA:50,4
DA:51,22
DA:52,22
DA:55,4
DA:84,1
DA:89,3
DA:90,13
DA:91,3
DA:92,8
DA:93,3
DA:110,3
DA:113,1
DA:114,2
DA:115,0
DA:116,2
DA:117,0
DA:118,2
DA:119,0
DA:121,2
LF:33
LH:29
BRDA:33,0,0,0
BRDA:40,1,0,17
BRDA:40,1,1,14
BRDA:40,2,0,31
BRDA:40,2,1,18
BRDA:52,3,0,6
BRDA:52,3,1,16
BRDA:55,4,0,1
BRDA:55,4,1,3
BRDA:86,5,0,0
BRDA:92,6,0,3
BRDA:102,7,0,3
BRDA:102,7,1,0
BRDA:114,8,0,0
BRDA:114,8,1,2
BRDA:116,9,0,0
BRDA:116,9,1,2
BRDA:116,10,0,2
BRDA:116,10,1,2
BRDA:118,11,0,0
BRDA:118,11,1,2
BRDA:118,12,0,2
BRDA:118,12,1,2
BRF:23
BRH:17
end_of_record
TN:
SF:src\components\Graph\line.tsx
FN:60,(anonymous_0)
FN:73,(anonymous_1)
FN:76,(anonymous_2)
FN:103,(anonymous_3)
FN:123,(anonymous_4)
FN:132,(anonymous_5)
FN:201,(anonymous_6)
FN:231,(anonymous_7)
FNF:8
FNH:3
FNDA:2,(anonymous_0)
FNDA:4,(anonymous_1)
FNDA:4,(anonymous_2)
FNDA:0,(anonymous_3)
FNDA:0,(anonymous_4)
FNDA:0,(anonymous_5)
FNDA:0,(anonymous_6)
FNDA:0,(anonymous_7)
DA:1,1
DA:12,1
DA:14,1
DA:23,1
DA:60,1
DA:71,2
DA:72,2
DA:73,4
DA:75,2
DA:76,4
DA:79,2
DA:80,2
DA:86,2
DA:104,0
DA:105,0
DA:107,0
DA:124,0
DA:125,0
DA:127,0
DA:133,0
DA:134,0
DA:138,0
DA:201,0
DA:231,0
DA:240,2
DA:241,2
DA:255,1
LF:27
LH:16
BRDA:69,0,0,2
BRDA:104,1,0,0
BRDA:104,1,1,0
BRDA:107,2,0,0
BRDA:107,2,1,0
BRDA:124,3,0,0
BRDA:124,3,1,0
BRDA:127,4,0,0
BRDA:127,4,1,0
BRDA:133,5,0,0
BRDA:133,5,1,0
BRDA:134,6,0,0
BRDA:134,6,1,0
BRDA:154,7,0,2
BRDA:154,7,1,0
BRDA:173,8,0,1
BRDA:173,8,1,1
BRDA:184,9,0,1
BRDA:184,9,1,0
BRDA:199,10,0,1
BRDA:199,10,1,1
BRDA:210,11,0,1
BRDA:210,11,1,0
BRDA:217,12,0,1
BRDA:217,12,1,0
BRDA:229,13,0,1
BRDA:229,13,1,1
BRDA:240,14,0,1
BRDA:240,14,1,1
BRDA:243,15,0,2
BRDA:243,15,1,1
BRF:31
BRH:15
end_of_record
TN:
SF:src\components\IndexTickers\IndexTickers.tsx
FN:21,(anonymous_0)
FN:24,(anonymous_1)
FN:33,(anonymous_2)
FNF:3
FNH:3
FNDA:30,(anonymous_0)
FNDA:10,(anonymous_1)
FNDA:10,(anonymous_2)
DA:1,1
DA:12,1
DA:21,1
DA:22,30
DA:24,1
DA:25,10
DA:26,2
DA:27,8
DA:28,2
DA:30,6
DA:33,1
DA:40,10
DA:41,10
DA:42,10
DA:43,10
DA:44,10
DA:45,0
DA:92,10
DA:173,1
LF:19
LH:18
BRDA:25,0,0,2
BRDA:25,0,1,8
BRDA:27,1,0,2
BRDA:27,1,1,6
BRDA:34,2,0,0
BRDA:35,3,0,0
BRDA:36,4,0,0
BRDA:37,5,0,0
BRDA:38,6,0,10
BRDA:44,7,0,0
BRDA:44,7,1,10
BRDA:47,8,0,0
BRDA:47,8,1,0
BRDA:54,9,0,0
BRDA:54,9,1,0
BRDA:55,10,0,0
BRDA:55,10,1,0
BRDA:75,11,0,0
BRDA:75,11,1,0
BRDA:83,12,0,0
BRDA:83,12,1,0
BRDA:88,13,0,0
BRDA:88,13,1,0
BRDA:93,14,0,0
BRDA:93,14,1,10
BRDA:94,15,0,10
BRDA:94,15,1,10
BRDA:96,16,0,0
BRDA:96,16,1,10
BRDA:104,17,0,0
BRDA:104,17,1,10
BRDA:111,18,0,0
BRDA:111,18,1,10
BRDA:124,19,0,10
BRDA:124,19,1,8
BRDA:125,20,0,2
BRDA:125,20,1,6
BRDA:147,21,0,0
BRDA:147,21,1,10
BRDA:148,22,0,2
BRDA:148,22,1,8
BRDA:151,23,0,8
BRDA:151,23,1,2
BRDA:158,24,0,0
BRDA:158,24,1,10
BRDA:161,25,0,8
BRDA:161,25,1,2
BRDA:168,26,0,10
BRDA:168,26,1,10
BRF:49
BRH:26
end_of_record
TN:
SF:src\components\PageNotFound\PageNotFound.tsx
FN:13,(anonymous_0)
FN:16,(anonymous_1)
FN:29,(anonymous_2)
FN:66,(anonymous_3)
FNF:4
FNH:2
FNDA:0,(anonymous_0)
FNDA:4,(anonymous_1)
FNDA:0,(anonymous_2)
FNDA:4,(anonymous_3)
DA:1,1
DA:3,1
DA:4,1
DA:5,1
DA:10,1
DA:12,1
DA:13,0
DA:16,4
DA:29,0
DA:66,1
DA:71,4
DA:118,1
LF:12
LH:10
BRDA:14,0,0,0
BRDA:14,0,1,0
BRDA:75,1,0,4
BRDA:75,1,1,0
BRDA:76,2,0,4
BRDA:76,2,1,0
BRF:6
BRH:2
end_of_record
TN:
SF:src\components\Pill\Pill.tsx
FN:27,(anonymous_0)
FNF:1
FNH:1
FNDA:4,(anonymous_0)
DA:1,1
DA:27,1
DA:35,4
DA:48,1
LF:4
LH:4
BRDA:28,0,0,3
BRDA:41,1,0,4
BRDA:41,1,1,1
BRF:3
BRH:3
end_of_record
TN:
SF:src\components\SplashScreen\SplashScreen.tsx
FN:8,SplashScreen
FNF:1
FNH:1
FNDA:3,SplashScreen
DA:1,1
DA:2,1
DA:3,1
DA:5,1
DA:6,1
DA:8,1
DA:9,3
DA:10,3
DA:12,3
LF:9
LH:9
BRDA:25,0,0,0
BRDA:25,0,1,3
BRDA:26,1,0,0
BRDA:26,1,1,3
BRDA:29,2,0,0
BRDA:29,2,1,3
BRDA:30,3,0,0
BRDA:30,3,1,3
BRF:8
BRH:4
end_of_record
TN:
SF:src\components\TextSearch\TextSearch.tsx
FN:16,(anonymous_0)
FN:27,(anonymous_1)
FN:43,(anonymous_2)
FN:58,(anonymous_3)
FN:60,(anonymous_4)
FN:67,(anonymous_5)
FN:70,(anonymous_6)
FNF:7
FNH:7
FNDA:23,(anonymous_0)
FNDA:3,(anonymous_1)
FNDA:9,(anonymous_2)
FNDA:6,(anonymous_3)
FNDA:23,(anonymous_4)
FNDA:23,(anonymous_5)
FNDA:20,(anonymous_6)
DA:1,1
DA:9,1
DA:16,1
DA:20,23
DA:21,20
DA:24,3
DA:31,3
DA:32,3
DA:34,3
DA:43,9
DA:51,3
DA:58,1
DA:60,23
DA:63,6
DA:68,23
DA:71,20
DA:91,1
LF:17
LH:17
BRDA:20,0,0,20
BRDA:20,1,0,23
BRDA:20,1,1,3
BRDA:31,2,0,3
BRDA:31,2,1,3
BRDA:60,3,0,6
BRDA:60,4,0,23
BRDA:60,4,1,0
BRDA:79,5,0,0
BRDA:79,5,1,20
BRF:10
BRH:8
end_of_record
TN:
SF:src\components\Typography\Typography.tsx
FN:33,(anonymous_0)
FN:53,(anonymous_1)
FNF:2
FNH:2
FNDA:1,(anonymous_0)
FNDA:12,(anonymous_1)
DA:1,1
DA:2,1
DA:8,1
DA:21,1
DA:33,1
DA:34,1
DA:35,1
DA:53,1
DA:54,12
DA:55,12
DA:56,1
DA:58,12
DA:65,1
LF:13
LH:13
BRDA:55,0,0,1
BRDA:56,1,0,0
BRDA:56,1,1,1
BRDA:60,2,0,1
BRDA:60,2,1,11
BRF:5
BRH:4
end_of_record
TN:
SF:src\icons\index.ts
FN:1,(anonymous_0)
FN:2,(anonymous_1)
FN:3,(anonymous_2)
FN:4,(anonymous_3)
FN:5,(anonymous_4)
FN:6,(anonymous_5)
FN:7,(anonymous_6)
FN:8,(anonymous_7)
FN:9,(anonymous_8)
FN:10,(anonymous_9)
FN:11,(anonymous_10)
FN:12,(anonymous_11)
FN:13,(anonymous_12)
FN:14,(anonymous_13)
FN:15,(anonymous_14)
FN:16,(anonymous_15)
FN:17,(anonymous_16)
FN:18,(anonymous_17)
FN:19,(anonymous_18)
FN:20,(anonymous_19)
FN:21,(anonymous_20)
FN:22,(anonymous_21)
FN:23,(anonymous_22)
FN:24,(anonymous_23)
FN:25,(anonymous_24)
FN:26,(anonymous_25)
FN:27,(anonymous_26)
FN:28,(anonymous_27)
FN:29,(anonymous_28)
FN:30,(anonymous_29)
FN:31,(anonymous_30)
FN:32,(anonymous_31)
FN:33,(anonymous_32)
FN:34,(anonymous_33)
FN:35,(anonymous_34)
FNF:35
FNH:5
FNDA:0,(anonymous_0)
FNDA:2,(anonymous_1)
FNDA:1,(anonymous_2)
FNDA:1,(anonymous_3)
FNDA:6,(anonymous_4)
FNDA:0,(anonymous_5)
FNDA:0,(anonymous_6)
FNDA:0,(anonymous_7)
FNDA:0,(anonymous_8)
FNDA:0,(anonymous_9)
FNDA:0,(anonymous_10)
FNDA:0,(anonymous_11)
FNDA:0,(anonymous_12)
FNDA:0,(anonymous_13)
FNDA:6,(anonymous_14)
FNDA:0,(anonymous_15)
FNDA:0,(anonymous_16)
FNDA:0,(anonymous_17)
FNDA:0,(anonymous_18)
FNDA:0,(anonymous_19)
FNDA:0,(anonymous_20)
FNDA:0,(anonymous_21)
FNDA:0,(anonymous_22)
FNDA:0,(anonymous_23)
FNDA:0,(anonymous_24)
FNDA:0,(anonymous_25)
FNDA:0,(anonymous_26)
FNDA:0,(anonymous_27)
FNDA:0,(anonymous_28)
FNDA:0,(anonymous_29)
FNDA:0,(anonymous_30)
FNDA:0,(anonymous_31)
FNDA:0,(anonymous_32)
FNDA:0,(anonymous_33)
FNDA:0,(anonymous_34)
DA:1,3
DA:2,5
DA:3,4
DA:4,4
DA:5,9
DA:6,3
DA:7,3
DA:8,3
DA:9,3
DA:10,3
DA:11,3
DA:12,3
DA:13,3
DA:14,3
DA:15,9
DA:16,3
DA:17,3
DA:18,3
DA:19,3
DA:20,3
DA:21,3
DA:22,3
DA:23,3
DA:24,3
DA:25,3
DA:26,3
DA:27,3
DA:28,3
DA:29,3
DA:30,3
DA:31,3
DA:32,3
DA:33,3
DA:34,3
DA:35,3
LF:35
LH:35
BRF:0
BRH:0
end_of_record
TN:
SF:src\icons\images\AlarmBellIcon.svg
FNF:0
FNH:0
DA:1,3
LF:1
LH:1
BRF:0
BRH:0
end_of_record
TN:
SF:src\icons\images\ArrowDownIcon.svg
FNF:0
FNH:0
DA:1,3
LF:1
LH:1
BRF:0
BRH:0
end_of_record
TN:
SF:src\icons\images\ArrowLeftIcon.svg
FNF:0
FNH:0
DA:1,3
LF:1
LH:1
BRF:0
BRH:0
end_of_record
TN:
SF:src\icons\images\ArrowRightIcon.svg
FNF:0
FNH:0
DA:1,3
LF:1
LH:1
BRF:0
BRH:0
end_of_record
TN:
SF:src\icons\images\ArrowUpIcon.svg
FNF:0
FNH:0
DA:1,3
LF:1
LH:1
BRF:0
BRH:0
end_of_record
TN:
SF:src\icons\images\BanIcon.svg
FNF:0
FNH:0
DA:1,3
LF:1
LH:1
BRF:0
BRH:0
end_of_record
TN:
SF:src\icons\images\BarIcon.svg
FNF:0
FNH:0
DA:1,3
LF:1
LH:1
BRF:0
BRH:0
end_of_record
TN:
SF:src\icons\images\CalendarIcon.svg
FNF:0
FNH:0
DA:1,3
LF:1
LH:1
BRF:0
BRH:0
end_of_record
TN:
SF:src\icons\images\CandleIcon.svg
FNF:0
FNH:0
DA:1,3
LF:1
LH:1
BRF:0
BRH:0
end_of_record
TN:
SF:src\icons\images\CheckIcon.svg
FNF:0
FNH:0
DA:1,3
LF:1
LH:1
BRF:0
BRH:0
end_of_record
TN:
SF:src\icons\images\ChevronDownIcon.svg
FNF:0
FNH:0
DA:1,3
LF:1
LH:1
BRF:0
BRH:0
end_of_record
TN:
SF:src\icons\images\ChevronLeftIcon.svg
FNF:0
FNH:0
DA:1,3
LF:1
LH:1
BRF:0
BRH:0
end_of_record
TN:
SF:src\icons\images\ChevronRightIcon.svg
FNF:0
FNH:0
DA:1,3
LF:1
LH:1
BRF:0
BRH:0
end_of_record
TN:
SF:src\icons\images\ChevronUpIcon.svg
FNF:0
FNH:0
DA:1,3
LF:1
LH:1
BRF:0
BRH:0
end_of_record
TN:
SF:src\icons\images\CloseIcon.svg
FNF:0
FNH:0
DA:1,3
LF:1
LH:1
BRF:0
BRH:0
end_of_record
TN:
SF:src\icons\images\CogIcon.svg
FNF:0
FNH:0
DA:1,3
LF:1
LH:1
BRF:0
BRH:0
end_of_record
TN:
SF:src\icons\images\DotsIcon.svg
FNF:0
FNH:0
DA:1,3
LF:1
LH:1
BRF:0
BRH:0
end_of_record
TN:
SF:src\icons\images\DownloadIcon.svg
FNF:0
FNH:0
DA:1,3
LF:1
LH:1
BRF:0
BRH:0
end_of_record
TN:
SF:src\icons\images\EditIcon.svg
FNF:0
FNH:0
DA:1,3
LF:1
LH:1
BRF:0
BRH:0
end_of_record
TN:
SF:src\icons\images\FilterIcon.svg
FNF:0
FNH:0
DA:1,3
LF:1
LH:1
BRF:0
BRH:0
end_of_record
TN:
SF:src\icons\images\GroupsIcon.svg
FNF:0
FNH:0
DA:1,3
LF:1
LH:1
BRF:0
BRH:0
end_of_record
TN:
SF:src\icons\images\InfoIcon.svg
FNF:0
FNH:0
DA:1,3
LF:1
LH:1
BRF:0
BRH:0
end_of_record
TN:
SF:src\icons\images\LineIcon.svg
FNF:0
FNH:0
DA:1,3
LF:1
LH:1
BRF:0
BRH:0
end_of_record
TN:
SF:src\icons\images\LockIcon.svg
FNF:0
FNH:0
DA:1,3
LF:1
LH:1
BRF:0
BRH:0
end_of_record
TN:
SF:src\icons\images\NotificationIcon.svg
FNF:0
FNH:0
DA:1,3
LF:1
LH:1
BRF:0
BRH:0
end_of_record
TN:
SF:src\icons\images\PlusIcon.svg
FNF:0
FNH:0
DA:1,3
LF:1
LH:1
BRF:0
BRH:0
end_of_record
TN:
SF:src\icons\images\RefreshIcon.svg
FNF:0
FNH:0
DA:1,3
LF:1
LH:1
BRF:0
BRH:0
end_of_record
TN:
SF:src\icons\images\SearchIcon.svg
FNF:0
FNH:0
DA:1,3
LF:1
LH:1
BRF:0
BRH:0
end_of_record
TN:
SF:src\icons\images\SettingsIcon.svg
FNF:0
FNH:0
DA:1,3
LF:1
LH:1
BRF:0
BRH:0
end_of_record
TN:
SF:src\icons\images\StopIcon.svg
FNF:0
FNH:0
DA:1,3
LF:1
LH:1
BRF:0
BRH:0
end_of_record
TN:
SF:src\icons\images\ThumbDownIcon.svg
FNF:0
FNH:0
DA:1,3
LF:1
LH:1
BRF:0
BRH:0
end_of_record
TN:
SF:src\icons\images\TimerIcon.svg
FNF:0
FNH:0
DA:1,3
LF:1
LH:1
BRF:0
BRH:0
end_of_record
TN:
SF:src\icons\images\TrashIcon.svg
FNF:0
FNH:0
DA:1,3
LF:1
LH:1
BRF:0
BRH:0
end_of_record
TN:
SF:src\icons\images\UploadIcon.svg
FNF:0
FNH:0
DA:1,3
LF:1
LH:1
BRF:0
BRH:0
end_of_record
TN:
SF:src\icons\images\ViewIcon.svg
FNF:0
FNH:0
DA:1,3
LF:1
LH:1
BRF:0
BRH:0
end_of_record
TN:
SF:src\utils\useIsDarkMode.tsx
FN:3,(anonymous_0)
FNF:1
FNH:1
FNDA:2,(anonymous_0)
DA:1,1
DA:3,1
DA:4,2
DA:6,2
DA:9,1
LF:5
LH:5
BRF:0
BRH:0
end_of_record
